2024-10-22 20:56:35 [INFO] Question: explain
2024-10-22 20:56:35 [INFO] Running PandasAI with local LLM...
2024-10-22 20:56:35 [INFO] Prompt ID: 8ac25241-d1ef-4f55-a282-97c324fce2a1
2024-10-22 20:56:35 [INFO] Executing Pipeline: GenerateChatPipeline
2024-10-22 20:56:35 [INFO] Executing Step 0: ValidatePipelineInput
2024-10-22 20:56:35 [INFO] Executing Step 1: CacheLookup
2024-10-22 20:56:35 [INFO] Executing Step 2: PromptGeneration
2024-10-22 20:56:35 [INFO] Using prompt: <dataframe>
dfs[0]:891x15
survived,pclass,sex,age,sibsp,parch,fare,embarked,class,who,adult_male,deck,embark_town,alive,alone
1,3,female,22.0,1,2,49.5042,Q,Third,child,False,B,Southampton,yes,True
0,2,male,1.0,0,4,6.95,,First,man,True,,Cherbourg,no,True
1,1,female,,3,6,35.5,S,Second,woman,False,C,,yes,False
</dataframe>




Update this initial code:
```python
# TODO: import the required dependencies
import pandas as pd

# Write code here

# Declare result var: 
type (possible values "string", "number", "dataframe", "plot"). Examples: { "type": "string", "value": f"The highest salary is {highest_salary}." } or { "type": "number", "value": 125 } or { "type": "dataframe", "value": pd.DataFrame({...}) } or { "type": "plot", "value": "temp_chart.png" }

```



### QUERY
 explain

Variable `dfs: list[pd.DataFrame]` is already declared.

At the end, declare "result" variable as a dictionary of type and value.

If you are asked to plot a chart, use "matplotlib" for charts, save as png.


Generate python code and return full updated code:
2024-10-22 20:56:35 [INFO] Executing Step 3: CodeGenerator
2024-10-22 20:56:39 [INFO] Retrying request to /chat/completions in 0.482258 seconds
2024-10-22 20:56:44 [INFO] Retrying request to /chat/completions in 0.846587 seconds
2024-10-22 20:56:49 [ERROR] Pipeline failed on step 3: Connection error.
2024-10-22 20:57:06 [INFO] Question: give all max values 
2024-10-22 20:57:06 [INFO] Running PandasAI with local LLM...
2024-10-22 20:57:06 [INFO] Prompt ID: 62314756-5071-4db9-b265-cba26500d624
2024-10-22 20:57:06 [INFO] Executing Pipeline: GenerateChatPipeline
2024-10-22 20:57:06 [INFO] Executing Step 0: ValidatePipelineInput
2024-10-22 20:57:06 [INFO] Executing Step 1: CacheLookup
2024-10-22 20:57:06 [INFO] Executing Step 2: PromptGeneration
2024-10-22 20:57:06 [INFO] Using prompt: <dataframe>
dfs[0]:891x15
survived,pclass,sex,age,sibsp,parch,fare,embarked,class,who,adult_male,deck,embark_town,alive,alone
1,3,female,,8,6,14.5,,Second,child,False,,Southampton,no,False
0,1,male,33.0,2,3,164.8667,C,First,man,True,A,,yes,True
0,2,male,36.0,0,5,63.3583,Q,Third,woman,False,D,Cherbourg,no,True
</dataframe>




Update this initial code:
```python
# TODO: import the required dependencies
import pandas as pd

# Write code here

# Declare result var: 
type (possible values "string", "number", "dataframe", "plot"). Examples: { "type": "string", "value": f"The highest salary is {highest_salary}." } or { "type": "number", "value": 125 } or { "type": "dataframe", "value": pd.DataFrame({...}) } or { "type": "plot", "value": "temp_chart.png" }

```



### QUERY
 give all max values 

Variable `dfs: list[pd.DataFrame]` is already declared.

At the end, declare "result" variable as a dictionary of type and value.

If you are asked to plot a chart, use "matplotlib" for charts, save as png.


Generate python code and return full updated code:
2024-10-22 20:57:06 [INFO] Executing Step 3: CodeGenerator
2024-10-22 20:57:10 [INFO] Retrying request to /chat/completions in 0.432409 seconds
2024-10-22 20:57:15 [INFO] Retrying request to /chat/completions in 0.890502 seconds
2024-10-22 20:57:20 [ERROR] Pipeline failed on step 3: Connection error.
2024-10-22 21:24:07 [INFO] Question: give me the median
2024-10-22 21:24:07 [INFO] Running PandasAI with langchain_groq-chat LLM...
2024-10-22 21:24:07 [INFO] Prompt ID: 228b22fd-9e12-44f2-a904-0db641ce7833
2024-10-22 21:24:07 [INFO] Executing Pipeline: GenerateChatPipeline
2024-10-22 21:24:07 [INFO] Executing Step 0: ValidatePipelineInput
2024-10-22 21:24:07 [INFO] Executing Step 1: CacheLookup
2024-10-22 21:24:07 [INFO] Executing Step 2: PromptGeneration
2024-10-22 21:24:07 [INFO] Using prompt: <dataframe>
dfs[0]:891x15
survived,pclass,sex,age,sibsp,parch,fare,embarked,class,who,adult_male,deck,embark_town,alive,alone
0,2,male,23.5,1,2,65.0,,Third,woman,True,D,Queenstown,no,True
1,1,male,,8,3,23.25,C,First,man,False,,,no,False
1,3,female,8.0,4,6,15.85,S,Second,child,True,F,Southampton,yes,False
</dataframe>




Update this initial code:
```python
# TODO: import the required dependencies
import pandas as pd

# Write code here

# Declare result var: 
type (possible values "string", "number", "dataframe", "plot"). Examples: { "type": "string", "value": f"The highest salary is {highest_salary}." } or { "type": "number", "value": 125 } or { "type": "dataframe", "value": pd.DataFrame({...}) } or { "type": "plot", "value": "temp_chart.png" }

```



### QUERY
 give me the median

Variable `dfs: list[pd.DataFrame]` is already declared.

At the end, declare "result" variable as a dictionary of type and value.

If you are asked to plot a chart, use "matplotlib" for charts, save as png.


Generate python code and return full updated code:
2024-10-22 21:24:07 [INFO] Executing Step 3: CodeGenerator
2024-10-22 21:24:09 [INFO] HTTP Request: POST https://api.groq.com/openai/v1/chat/completions "HTTP/1.1 200 OK"
2024-10-22 21:24:09 [INFO] Prompt used:
            
<dataframe>
dfs[0]:891x15
survived,pclass,sex,age,sibsp,parch,fare,embarked,class,who,adult_male,deck,embark_town,alive,alone
0,2,male,23.5,1,2,65.0,,Third,woman,True,D,Queenstown,no,True
1,1,male,,8,3,23.25,C,First,man,False,,,no,False
1,3,female,8.0,4,6,15.85,S,Second,child,True,F,Southampton,yes,False
</dataframe>




Update this initial code:
```python
# TODO: import the required dependencies
import pandas as pd

# Write code here

# Declare result var: 
type (possible values "string", "number", "dataframe", "plot"). Examples: { "type": "string", "value": f"The highest salary is {highest_salary}." } or { "type": "number", "value": 125 } or { "type": "dataframe", "value": pd.DataFrame({...}) } or { "type": "plot", "value": "temp_chart.png" }

```



### QUERY
 give me the median

Variable `dfs: list[pd.DataFrame]` is already declared.

At the end, declare "result" variable as a dictionary of type and value.

If you are asked to plot a chart, use "matplotlib" for charts, save as png.


Generate python code and return full updated code:
            
2024-10-22 21:24:09 [INFO] Code generated:
            ```
            # TODO: import the required dependencies
import pandas as pd
import matplotlib.pyplot as plt

# TODO: Write code here
dfs = [...]  # your dataframes list

# Calculate the median
median_value = dfs[0]['fare'].median()

# Declare result var:
result = {"type": "number", "value": median_value}

print(result)
            ```
            
2024-10-22 21:24:09 [INFO] Executing Step 4: CachePopulation
2024-10-22 21:24:09 [INFO] Executing Step 5: CodeCleaning
2024-10-22 21:24:09 [INFO] 
Code running:
```
median_value = dfs[0]['fare'].median()
result = {'type': 'number', 'value': median_value}
print(result)
        ```
2024-10-22 21:24:09 [INFO] Executing Step 6: CodeExecution
2024-10-22 21:24:09 [INFO] Executing Step 7: ResultValidation
2024-10-22 21:24:09 [INFO] Answer: {'type': 'number', 'value': np.float64(14.4542)}
2024-10-22 21:24:09 [INFO] Executing Step 8: ResultParsing
2024-10-22 21:25:11 [INFO] Question: number of alive peaple
2024-10-22 21:25:11 [INFO] Running PandasAI with langchain_groq-chat LLM...
2024-10-22 21:25:11 [INFO] Prompt ID: a2abb32c-9b20-4110-a1bb-4b7fd8e8311b
2024-10-22 21:25:11 [INFO] Executing Pipeline: GenerateChatPipeline
2024-10-22 21:25:11 [INFO] Executing Step 0: ValidatePipelineInput
2024-10-22 21:25:11 [INFO] Executing Step 1: CacheLookup
2024-10-22 21:25:11 [INFO] Executing Step 2: PromptGeneration
2024-10-22 21:25:11 [INFO] Using prompt: <dataframe>
dfs[0]:891x15
survived,pclass,sex,age,sibsp,parch,fare,embarked,class,who,adult_male,deck,embark_town,alive,alone
1,2,female,1.0,2,3,7.7958,S,First,man,True,G,Cherbourg,no,False
0,3,male,,8,5,7.6292,,Third,child,False,,,yes,True
1,1,male,32.0,5,4,61.175,C,Second,woman,True,D,Southampton,no,False
</dataframe>




Update this initial code:
```python
# TODO: import the required dependencies
import pandas as pd

# Write code here

# Declare result var: 
type (possible values "string", "number", "dataframe", "plot"). Examples: { "type": "string", "value": f"The highest salary is {highest_salary}." } or { "type": "number", "value": 125 } or { "type": "dataframe", "value": pd.DataFrame({...}) } or { "type": "plot", "value": "temp_chart.png" }

```



### QUERY
 number of alive peaple

Variable `dfs: list[pd.DataFrame]` is already declared.

At the end, declare "result" variable as a dictionary of type and value.

If you are asked to plot a chart, use "matplotlib" for charts, save as png.


Generate python code and return full updated code:
2024-10-22 21:25:11 [INFO] Executing Step 3: CodeGenerator
2024-10-22 21:25:12 [INFO] HTTP Request: POST https://api.groq.com/openai/v1/chat/completions "HTTP/1.1 200 OK"
2024-10-22 21:25:12 [ERROR] Pipeline failed on step 3: No code found in the response
2024-10-22 21:25:27 [INFO] Question: who was alive
2024-10-22 21:25:27 [INFO] Running PandasAI with langchain_groq-chat LLM...
2024-10-22 21:25:27 [INFO] Prompt ID: 6c3124d7-f470-48ff-91c6-0edaf2d59e0b
2024-10-22 21:25:27 [INFO] Executing Pipeline: GenerateChatPipeline
2024-10-22 21:25:27 [INFO] Executing Step 0: ValidatePipelineInput
2024-10-22 21:25:27 [INFO] Executing Step 1: CacheLookup
2024-10-22 21:25:27 [INFO] Executing Step 2: PromptGeneration
2024-10-22 21:25:27 [INFO] Using prompt: <dataframe>
dfs[0]:891x15
survived,pclass,sex,age,sibsp,parch,fare,embarked,class,who,adult_male,deck,embark_town,alive,alone
1,1,male,45.5,5,3,34.375,Q,Second,woman,False,A,Cherbourg,yes,False
0,2,female,,3,6,15.0458,S,First,child,True,B,Queenstown,no,True
1,3,female,44.0,4,1,7.8875,,Third,man,False,,,yes,True
</dataframe>




Update this initial code:
```python
# TODO: import the required dependencies
import pandas as pd

# Write code here

# Declare result var: 
type (possible values "string", "number", "dataframe", "plot"). Examples: { "type": "string", "value": f"The highest salary is {highest_salary}." } or { "type": "number", "value": 125 } or { "type": "dataframe", "value": pd.DataFrame({...}) } or { "type": "plot", "value": "temp_chart.png" }

```



### QUERY
 who was alive

Variable `dfs: list[pd.DataFrame]` is already declared.

At the end, declare "result" variable as a dictionary of type and value.

If you are asked to plot a chart, use "matplotlib" for charts, save as png.


Generate python code and return full updated code:
2024-10-22 21:25:27 [INFO] Executing Step 3: CodeGenerator
2024-10-22 21:25:28 [INFO] HTTP Request: POST https://api.groq.com/openai/v1/chat/completions "HTTP/1.1 200 OK"
2024-10-22 21:25:28 [INFO] Prompt used:
            
<dataframe>
dfs[0]:891x15
survived,pclass,sex,age,sibsp,parch,fare,embarked,class,who,adult_male,deck,embark_town,alive,alone
1,1,male,45.5,5,3,34.375,Q,Second,woman,False,A,Cherbourg,yes,False
0,2,female,,3,6,15.0458,S,First,child,True,B,Queenstown,no,True
1,3,female,44.0,4,1,7.8875,,Third,man,False,,,yes,True
</dataframe>




Update this initial code:
```python
# TODO: import the required dependencies
import pandas as pd

# Write code here

# Declare result var: 
type (possible values "string", "number", "dataframe", "plot"). Examples: { "type": "string", "value": f"The highest salary is {highest_salary}." } or { "type": "number", "value": 125 } or { "type": "dataframe", "value": pd.DataFrame({...}) } or { "type": "plot", "value": "temp_chart.png" }

```



### QUERY
 who was alive

Variable `dfs: list[pd.DataFrame]` is already declared.

At the end, declare "result" variable as a dictionary of type and value.

If you are asked to plot a chart, use "matplotlib" for charts, save as png.


Generate python code and return full updated code:
            
2024-10-22 21:25:28 [INFO] Code generated:
            ```
            # TODO: import the required dependencies
import pandas as pd

# Load the dataframe
dfs = [pd.read_csv('titanic.csv')]  # Assuming the dataframe is stored in a file named 'titanic.csv'

# Check who was alive
alive_count = dfs[0].loc[dfs[0]['alive'] == 'yes'].shape[0]
result = {"type": "string", "value": f"{alive_count} people were alive."}

print(result)
            ```
            
2024-10-22 21:25:28 [INFO] Executing Step 4: CachePopulation
2024-10-22 21:25:28 [INFO] Executing Step 5: CodeCleaning
2024-10-22 21:25:28 [INFO] 
Code running:
```
alive_count = dfs[0].loc[dfs[0]['alive'] == 'yes'].shape[0]
result = {'type': 'string', 'value': f'{alive_count} people were alive.'}
print(result)
        ```
2024-10-22 21:25:28 [INFO] Executing Step 6: CodeExecution
2024-10-22 21:25:28 [INFO] Executing Step 7: ResultValidation
2024-10-22 21:25:28 [INFO] Answer: {'type': 'string', 'value': '342 people were alive.'}
2024-10-22 21:25:28 [INFO] Executing Step 8: ResultParsing
2024-10-22 21:25:44 [INFO] Question: what about dead people
2024-10-22 21:25:44 [INFO] Running PandasAI with langchain_groq-chat LLM...
2024-10-22 21:25:44 [INFO] Prompt ID: 79b54172-c240-4f22-aff8-e027d57de503
2024-10-22 21:25:44 [INFO] Executing Pipeline: GenerateChatPipeline
2024-10-22 21:25:44 [INFO] Executing Step 0: ValidatePipelineInput
2024-10-22 21:25:44 [INFO] Executing Step 1: CacheLookup
2024-10-22 21:25:44 [INFO] Executing Step 2: PromptGeneration
2024-10-22 21:25:44 [INFO] Using prompt: <dataframe>
dfs[0]:891x15
survived,pclass,sex,age,sibsp,parch,fare,embarked,class,who,adult_male,deck,embark_town,alive,alone
0,2,male,35.0,0,4,61.3792,,Second,child,False,,,no,False
1,3,female,,8,3,18.75,C,Third,woman,True,F,Southampton,yes,True
1,1,female,11.0,5,0,26.2875,S,First,man,False,B,Queenstown,no,True
</dataframe>




Update this initial code:
```python
# TODO: import the required dependencies
import pandas as pd

# Write code here

# Declare result var: 
type (possible values "string", "number", "dataframe", "plot"). Examples: { "type": "string", "value": f"The highest salary is {highest_salary}." } or { "type": "number", "value": 125 } or { "type": "dataframe", "value": pd.DataFrame({...}) } or { "type": "plot", "value": "temp_chart.png" }

```



### QUERY
 what about dead people

Variable `dfs: list[pd.DataFrame]` is already declared.

At the end, declare "result" variable as a dictionary of type and value.

If you are asked to plot a chart, use "matplotlib" for charts, save as png.


Generate python code and return full updated code:
2024-10-22 21:25:44 [INFO] Executing Step 3: CodeGenerator
2024-10-22 21:25:45 [INFO] HTTP Request: POST https://api.groq.com/openai/v1/chat/completions "HTTP/1.1 200 OK"
2024-10-22 21:25:45 [INFO] Prompt used:
            
<dataframe>
dfs[0]:891x15
survived,pclass,sex,age,sibsp,parch,fare,embarked,class,who,adult_male,deck,embark_town,alive,alone
0,2,male,35.0,0,4,61.3792,,Second,child,False,,,no,False
1,3,female,,8,3,18.75,C,Third,woman,True,F,Southampton,yes,True
1,1,female,11.0,5,0,26.2875,S,First,man,False,B,Queenstown,no,True
</dataframe>




Update this initial code:
```python
# TODO: import the required dependencies
import pandas as pd

# Write code here

# Declare result var: 
type (possible values "string", "number", "dataframe", "plot"). Examples: { "type": "string", "value": f"The highest salary is {highest_salary}." } or { "type": "number", "value": 125 } or { "type": "dataframe", "value": pd.DataFrame({...}) } or { "type": "plot", "value": "temp_chart.png" }

```



### QUERY
 what about dead people

Variable `dfs: list[pd.DataFrame]` is already declared.

At the end, declare "result" variable as a dictionary of type and value.

If you are asked to plot a chart, use "matplotlib" for charts, save as png.


Generate python code and return full updated code:
            
2024-10-22 21:25:45 [INFO] Code generated:
            ```
            # Import the required dependencies
import pandas as pd
import matplotlib.pyplot as plt

# Load the data
dfs = ...  # assume dfs is already loaded with the Titanic dataset

# Filter the data for dead people
dead_people = dfs[0][dfs[0]['alive'] == 0]

# Calculate the average age of the dead people
average_age_dead = dead_people['age'].mean()

# Calculate the number of dead people by class
dead_by_class = dead_people['class'].value_counts()

# Create a bar chart to visualize the number of dead people by class
plt.bar(dead_by_class.index, dead_by_class.values)
plt.xlabel('Class')
plt.ylabel('Number of Dead')
plt.title('Number of Dead People by Class')
plt.savefig('dead_by_class.png')

# Declare the result variable
result = {
    "type": "dict",
    "value": {
        "average_age_dead": average_age_dead,
        "dead_by_class": {"class": dead_by_class.index, "number": dead_by_class.values},
        "plot": "dead_by_class.png"
    }
}
            ```
            
2024-10-22 21:25:45 [INFO] Executing Step 4: CachePopulation
2024-10-22 21:25:45 [INFO] Executing Step 5: CodeCleaning
2024-10-22 21:25:45 [INFO] Saving charts to C:\Users\anass\Desktop\sample\exports\charts\temp_chart.png
2024-10-22 21:25:45 [INFO] 
Code running:
```
dead_people = dfs[0][dfs[0]['alive'] == 0]
average_age_dead = dead_people['age'].mean()
dead_by_class = dead_people['class'].value_counts()
plt.bar(dead_by_class.index, dead_by_class.values)
plt.xlabel('Class')
plt.ylabel('Number of Dead')
plt.title('Number of Dead People by Class')
plt.savefig('C:/Users/anass/Desktop/sample/exports/charts/temp_chart.png')
result = {'type': 'dict', 'value': {'average_age_dead': average_age_dead, 'dead_by_class': {'class': dead_by_class.index, 'number': dead_by_class.values}, 'plot': 'C:/Users/anass/Desktop/sample/exports/charts/temp_chart.png'}}
        ```
2024-10-22 21:25:45 [INFO] Executing Step 6: CodeExecution
2024-10-22 21:25:45 [ERROR] Failed with error: Traceback (most recent call last):
  File "c:\Users\anass\Desktop\sample\.venv\Lib\site-packages\pandasai\pipelines\chat\code_execution.py", line 97, in execute
    raise InvalidOutputValueMismatch(
pandasai.exceptions.InvalidOutputValueMismatch: Value type <class 'dict'> must match with type dict

2024-10-22 21:25:45 [WARNING] Failed to execute code retrying with a correction framework [retry number: 1]
2024-10-22 21:25:45 [INFO] Executing Pipeline: ErrorCorrectionPipeline
2024-10-22 21:25:45 [INFO] Executing Step 0: ErrorPromptGeneration
2024-10-22 21:25:45 [INFO] Using prompt: <dataframe>
dfs[0]:891x15
survived,pclass,sex,age,sibsp,parch,fare,embarked,class,who,adult_male,deck,embark_town,alive,alone
0,2,male,35.0,0,4,61.3792,,Second,child,False,,,no,False
1,3,female,,8,3,18.75,C,Third,woman,True,F,Southampton,yes,True
1,1,female,11.0,5,0,26.2875,S,First,man,False,B,Queenstown,no,True
</dataframe>


The user asked the following question:
### QUERY
 what about dead people

You generated this python code:
dead_people = dfs[0][dfs[0]['alive'] == 0]
average_age_dead = dead_people['age'].mean()
dead_by_class = dead_people['class'].value_counts()
plt.bar(dead_by_class.index, dead_by_class.values)
plt.xlabel('Class')
plt.ylabel('Number of Dead')
plt.title('Number of Dead People by Class')
plt.savefig('C:/Users/anass/Desktop/sample/exports/charts/temp_chart.png')
result = {'type': 'dict', 'value': {'average_age_dead': average_age_dead, 'dead_by_class': {'class': dead_by_class.index, 'number': dead_by_class.values}, 'plot': 'C:/Users/anass/Desktop/sample/exports/charts/temp_chart.png'}}

It fails with the following error:
Traceback (most recent call last):
  File "c:\Users\anass\Desktop\sample\.venv\Lib\site-packages\pandasai\pipelines\chat\code_execution.py", line 97, in execute
    raise InvalidOutputValueMismatch(
pandasai.exceptions.InvalidOutputValueMismatch: Value type <class 'dict'> must match with type dict


Fix the python code above and return the new python code:
2024-10-22 21:25:45 [INFO] Executing Step 1: CodeGenerator
2024-10-22 21:25:46 [INFO] HTTP Request: POST https://api.groq.com/openai/v1/chat/completions "HTTP/1.1 200 OK"
2024-10-22 21:25:46 [INFO] Prompt used:
            
<dataframe>
dfs[0]:891x15
survived,pclass,sex,age,sibsp,parch,fare,embarked,class,who,adult_male,deck,embark_town,alive,alone
0,2,male,35.0,0,4,61.3792,,Second,child,False,,,no,False
1,3,female,,8,3,18.75,C,Third,woman,True,F,Southampton,yes,True
1,1,female,11.0,5,0,26.2875,S,First,man,False,B,Queenstown,no,True
</dataframe>


The user asked the following question:
### QUERY
 what about dead people

You generated this python code:
dead_people = dfs[0][dfs[0]['alive'] == 0]
average_age_dead = dead_people['age'].mean()
dead_by_class = dead_people['class'].value_counts()
plt.bar(dead_by_class.index, dead_by_class.values)
plt.xlabel('Class')
plt.ylabel('Number of Dead')
plt.title('Number of Dead People by Class')
plt.savefig('C:/Users/anass/Desktop/sample/exports/charts/temp_chart.png')
result = {'type': 'dict', 'value': {'average_age_dead': average_age_dead, 'dead_by_class': {'class': dead_by_class.index, 'number': dead_by_class.values}, 'plot': 'C:/Users/anass/Desktop/sample/exports/charts/temp_chart.png'}}

It fails with the following error:
Traceback (most recent call last):
  File "c:\Users\anass\Desktop\sample\.venv\Lib\site-packages\pandasai\pipelines\chat\code_execution.py", line 97, in execute
    raise InvalidOutputValueMismatch(
pandasai.exceptions.InvalidOutputValueMismatch: Value type <class 'dict'> must match with type dict


Fix the python code above and return the new python code:
            
2024-10-22 21:25:46 [INFO] Code generated:
            ```
            dead_people = dfs[0][dfs[0]['alive'] == 0]
average_age_dead = dead_people['age'].mean()
dead_by_class = dead_people['class'].value_counts()
plt.bar(dead_by_class.index, dead_by_class.values)
plt.xlabel('Class')
plt.ylabel('Number of Dead')
plt.title('Number of Dead People by Class')
plt.savefig('C:/Users/anass/Desktop/sample/exports/charts/temp_chart.png')
result = {'type': 'dict', 'value': {'average_age_dead': average_age_dead, 'dead_by_class': {'class': dead_by_class.index.tolist(), 'number': dead_by_class.values.tolist()}, 'plot': 'C:/Users/anass/Desktop/sample/exports/charts/temp_chart.png'}}
            ```
            
2024-10-22 21:25:46 [INFO] Executing Step 2: CodeCleaning
2024-10-22 21:25:46 [INFO] Saving charts to C:\Users\anass\Desktop\sample\exports\charts\temp_chart.png
2024-10-22 21:25:46 [INFO] 
Code running:
```
dead_people = dfs[0][dfs[0]['alive'] == 0]
average_age_dead = dead_people['age'].mean()
dead_by_class = dead_people['class'].value_counts()
plt.bar(dead_by_class.index, dead_by_class.values)
plt.xlabel('Class')
plt.ylabel('Number of Dead')
plt.title('Number of Dead People by Class')
plt.savefig('C:/Users/anass/Desktop/sample/exports/charts/temp_chart.png')
result = {'type': 'dict', 'value': {'average_age_dead': average_age_dead, 'dead_by_class': {'class': dead_by_class.index.tolist(), 'number': dead_by_class.values.tolist()}, 'plot': 'C:/Users/anass/Desktop/sample/exports/charts/temp_chart.png'}}
        ```
2024-10-22 21:25:46 [ERROR] Failed with error: Traceback (most recent call last):
  File "c:\Users\anass\Desktop\sample\.venv\Lib\site-packages\pandasai\pipelines\chat\code_execution.py", line 97, in execute
    raise InvalidOutputValueMismatch(
pandasai.exceptions.InvalidOutputValueMismatch: Value type <class 'dict'> must match with type dict

2024-10-22 21:25:46 [WARNING] Failed to execute code retrying with a correction framework [retry number: 2]
2024-10-22 21:25:46 [INFO] Executing Pipeline: ErrorCorrectionPipeline
2024-10-22 21:25:46 [INFO] Executing Step 0: ErrorPromptGeneration
2024-10-22 21:25:46 [INFO] Using prompt: <dataframe>
dfs[0]:891x15
survived,pclass,sex,age,sibsp,parch,fare,embarked,class,who,adult_male,deck,embark_town,alive,alone
0,2,male,35.0,0,4,61.3792,,Second,child,False,,,no,False
1,3,female,,8,3,18.75,C,Third,woman,True,F,Southampton,yes,True
1,1,female,11.0,5,0,26.2875,S,First,man,False,B,Queenstown,no,True
</dataframe>


The user asked the following question:
### QUERY
 what about dead people

You generated this python code:
dead_people = dfs[0][dfs[0]['alive'] == 0]
average_age_dead = dead_people['age'].mean()
dead_by_class = dead_people['class'].value_counts()
plt.bar(dead_by_class.index, dead_by_class.values)
plt.xlabel('Class')
plt.ylabel('Number of Dead')
plt.title('Number of Dead People by Class')
plt.savefig('C:/Users/anass/Desktop/sample/exports/charts/temp_chart.png')
result = {'type': 'dict', 'value': {'average_age_dead': average_age_dead, 'dead_by_class': {'class': dead_by_class.index.tolist(), 'number': dead_by_class.values.tolist()}, 'plot': 'C:/Users/anass/Desktop/sample/exports/charts/temp_chart.png'}}

It fails with the following error:
Traceback (most recent call last):
  File "c:\Users\anass\Desktop\sample\.venv\Lib\site-packages\pandasai\pipelines\chat\code_execution.py", line 97, in execute
    raise InvalidOutputValueMismatch(
pandasai.exceptions.InvalidOutputValueMismatch: Value type <class 'dict'> must match with type dict


Fix the python code above and return the new python code:
2024-10-22 21:25:46 [INFO] Executing Step 1: CodeGenerator
2024-10-22 21:25:46 [INFO] HTTP Request: POST https://api.groq.com/openai/v1/chat/completions "HTTP/1.1 200 OK"
2024-10-22 21:25:46 [INFO] Prompt used:
            
<dataframe>
dfs[0]:891x15
survived,pclass,sex,age,sibsp,parch,fare,embarked,class,who,adult_male,deck,embark_town,alive,alone
0,2,male,35.0,0,4,61.3792,,Second,child,False,,,no,False
1,3,female,,8,3,18.75,C,Third,woman,True,F,Southampton,yes,True
1,1,female,11.0,5,0,26.2875,S,First,man,False,B,Queenstown,no,True
</dataframe>


The user asked the following question:
### QUERY
 what about dead people

You generated this python code:
dead_people = dfs[0][dfs[0]['alive'] == 0]
average_age_dead = dead_people['age'].mean()
dead_by_class = dead_people['class'].value_counts()
plt.bar(dead_by_class.index, dead_by_class.values)
plt.xlabel('Class')
plt.ylabel('Number of Dead')
plt.title('Number of Dead People by Class')
plt.savefig('C:/Users/anass/Desktop/sample/exports/charts/temp_chart.png')
result = {'type': 'dict', 'value': {'average_age_dead': average_age_dead, 'dead_by_class': {'class': dead_by_class.index.tolist(), 'number': dead_by_class.values.tolist()}, 'plot': 'C:/Users/anass/Desktop/sample/exports/charts/temp_chart.png'}}

It fails with the following error:
Traceback (most recent call last):
  File "c:\Users\anass\Desktop\sample\.venv\Lib\site-packages\pandasai\pipelines\chat\code_execution.py", line 97, in execute
    raise InvalidOutputValueMismatch(
pandasai.exceptions.InvalidOutputValueMismatch: Value type <class 'dict'> must match with type dict


Fix the python code above and return the new python code:
            
2024-10-22 21:25:46 [INFO] Code generated:
            ```
            dead_people = dfs[0][dfs[0]['alive'] == 0]
average_age_dead = dead_people['age'].mean()
dead_by_class = dead_people['class'].value_counts()
plt.bar(dead_by_class.index, dead_by_class.values)
plt.xlabel('Class')
plt.ylabel('Number of Dead')
plt.title('Number of Dead People by Class')
plt.savefig('C:/Users/anass/Desktop/sample/exports/charts/temp_chart.png')

result = {'type': 'dict', 'value': {'average_age_dead': average_age_dead, 'dead_by_class': {'class': dead_by_class.index.tolist(), 'number': dead_by_class.values.tolist()}, 'plot': 'C:/Users/anass/Desktop/sample/exports/charts/temp_chart.png'}}

result = result['value']
            ```
            
2024-10-22 21:25:46 [INFO] Executing Step 2: CodeCleaning
2024-10-22 21:25:46 [INFO] Saving charts to C:\Users\anass\Desktop\sample\exports\charts\temp_chart.png
2024-10-22 21:25:46 [INFO] 
Code running:
```
dead_people = dfs[0][dfs[0]['alive'] == 0]
average_age_dead = dead_people['age'].mean()
dead_by_class = dead_people['class'].value_counts()
plt.bar(dead_by_class.index, dead_by_class.values)
plt.xlabel('Class')
plt.ylabel('Number of Dead')
plt.title('Number of Dead People by Class')
plt.savefig('C:/Users/anass/Desktop/sample/exports/charts/temp_chart.png')
result = {'type': 'dict', 'value': {'average_age_dead': average_age_dead, 'dead_by_class': {'class': dead_by_class.index.tolist(), 'number': dead_by_class.values.tolist()}, 'plot': 'C:/Users/anass/Desktop/sample/exports/charts/temp_chart.png'}}
result = result['value']
        ```
2024-10-22 21:25:46 [ERROR] Failed with error: Traceback (most recent call last):
  File "c:\Users\anass\Desktop\sample\.venv\Lib\site-packages\pandasai\pipelines\chat\code_execution.py", line 96, in execute
    if not OutputValidator.validate_result(result):
           ^^^^^^^^^^^^^^^^^^^^^^^^^^^^^^^^^^^^^^^
  File "c:\Users\anass\Desktop\sample\.venv\Lib\site-packages\pandasai\helpers\output_validator.py", line 73, in validate_result
    raise InvalidOutputValueMismatch(
pandasai.exceptions.InvalidOutputValueMismatch: Result must be in the format of dictionary of type and value

2024-10-22 21:25:46 [WARNING] Failed to execute code retrying with a correction framework [retry number: 3]
2024-10-22 21:25:46 [INFO] Executing Pipeline: ErrorCorrectionPipeline
2024-10-22 21:25:46 [INFO] Executing Step 0: ErrorPromptGeneration
2024-10-22 21:25:46 [INFO] Using prompt: <dataframe>
dfs[0]:891x15
survived,pclass,sex,age,sibsp,parch,fare,embarked,class,who,adult_male,deck,embark_town,alive,alone
0,2,male,35.0,0,4,61.3792,,Second,child,False,,,no,False
1,3,female,,8,3,18.75,C,Third,woman,True,F,Southampton,yes,True
1,1,female,11.0,5,0,26.2875,S,First,man,False,B,Queenstown,no,True
</dataframe>


The user asked the following question:
### QUERY
 what about dead people

You generated this python code:
dead_people = dfs[0][dfs[0]['alive'] == 0]
average_age_dead = dead_people['age'].mean()
dead_by_class = dead_people['class'].value_counts()
plt.bar(dead_by_class.index, dead_by_class.values)
plt.xlabel('Class')
plt.ylabel('Number of Dead')
plt.title('Number of Dead People by Class')
plt.savefig('C:/Users/anass/Desktop/sample/exports/charts/temp_chart.png')
result = {'type': 'dict', 'value': {'average_age_dead': average_age_dead, 'dead_by_class': {'class': dead_by_class.index.tolist(), 'number': dead_by_class.values.tolist()}, 'plot': 'C:/Users/anass/Desktop/sample/exports/charts/temp_chart.png'}}
result = result['value']

It fails with the following error:
Traceback (most recent call last):
  File "c:\Users\anass\Desktop\sample\.venv\Lib\site-packages\pandasai\pipelines\chat\code_execution.py", line 96, in execute
    if not OutputValidator.validate_result(result):
           ^^^^^^^^^^^^^^^^^^^^^^^^^^^^^^^^^^^^^^^
  File "c:\Users\anass\Desktop\sample\.venv\Lib\site-packages\pandasai\helpers\output_validator.py", line 73, in validate_result
    raise InvalidOutputValueMismatch(
pandasai.exceptions.InvalidOutputValueMismatch: Result must be in the format of dictionary of type and value


Fix the python code above and return the new python code:
2024-10-22 21:25:46 [INFO] Executing Step 1: CodeGenerator
2024-10-22 21:25:47 [INFO] HTTP Request: POST https://api.groq.com/openai/v1/chat/completions "HTTP/1.1 200 OK"
2024-10-22 21:25:47 [INFO] Prompt used:
            
<dataframe>
dfs[0]:891x15
survived,pclass,sex,age,sibsp,parch,fare,embarked,class,who,adult_male,deck,embark_town,alive,alone
0,2,male,35.0,0,4,61.3792,,Second,child,False,,,no,False
1,3,female,,8,3,18.75,C,Third,woman,True,F,Southampton,yes,True
1,1,female,11.0,5,0,26.2875,S,First,man,False,B,Queenstown,no,True
</dataframe>


The user asked the following question:
### QUERY
 what about dead people

You generated this python code:
dead_people = dfs[0][dfs[0]['alive'] == 0]
average_age_dead = dead_people['age'].mean()
dead_by_class = dead_people['class'].value_counts()
plt.bar(dead_by_class.index, dead_by_class.values)
plt.xlabel('Class')
plt.ylabel('Number of Dead')
plt.title('Number of Dead People by Class')
plt.savefig('C:/Users/anass/Desktop/sample/exports/charts/temp_chart.png')
result = {'type': 'dict', 'value': {'average_age_dead': average_age_dead, 'dead_by_class': {'class': dead_by_class.index.tolist(), 'number': dead_by_class.values.tolist()}, 'plot': 'C:/Users/anass/Desktop/sample/exports/charts/temp_chart.png'}}
result = result['value']

It fails with the following error:
Traceback (most recent call last):
  File "c:\Users\anass\Desktop\sample\.venv\Lib\site-packages\pandasai\pipelines\chat\code_execution.py", line 96, in execute
    if not OutputValidator.validate_result(result):
           ^^^^^^^^^^^^^^^^^^^^^^^^^^^^^^^^^^^^^^^
  File "c:\Users\anass\Desktop\sample\.venv\Lib\site-packages\pandasai\helpers\output_validator.py", line 73, in validate_result
    raise InvalidOutputValueMismatch(
pandasai.exceptions.InvalidOutputValueMismatch: Result must be in the format of dictionary of type and value


Fix the python code above and return the new python code:
            
2024-10-22 21:25:47 [INFO] Code generated:
            ```
            dead_people = dfs[0][dfs[0]['alive'] == 0]
average_age_dead = dead_people['age'].mean()
dead_by_class = dead_people['class'].value_counts()

result = {
    'type': 'dict',
    'value': {
        'average_age_dead': average_age_dead,
        'dead_by_class': {
            'class': dead_by_class.index.tolist(),
            'number': dead_by_class.values.tolist()
        },
        'plot': 'C:/Users/anass/Desktop/sample/exports/charts/temp_chart.png'
    }
}
            ```
            
2024-10-22 21:25:47 [INFO] Executing Step 2: CodeCleaning
2024-10-22 21:25:47 [INFO] Saving charts to C:\Users\anass\Desktop\sample\exports\charts\temp_chart.png
2024-10-22 21:25:47 [INFO] 
Code running:
```
dead_people = dfs[0][dfs[0]['alive'] == 0]
average_age_dead = dead_people['age'].mean()
dead_by_class = dead_people['class'].value_counts()
result = {'type': 'dict', 'value': {'average_age_dead': average_age_dead, 'dead_by_class': {'class': dead_by_class.index.tolist(), 'number': dead_by_class.values.tolist()}, 'plot': 'C:/Users/anass/Desktop/sample/exports/charts/temp_chart.png'}}
        ```
2024-10-22 21:25:47 [ERROR] Failed with error: Traceback (most recent call last):
  File "c:\Users\anass\Desktop\sample\.venv\Lib\site-packages\pandasai\pipelines\chat\code_execution.py", line 97, in execute
    raise InvalidOutputValueMismatch(
pandasai.exceptions.InvalidOutputValueMismatch: Value type <class 'dict'> must match with type dict

2024-10-22 21:25:47 [ERROR] Pipeline failed on step 6: Value type <class 'dict'> must match with type dict
2024-10-22 21:25:57 [INFO] Question: how many dead people
2024-10-22 21:25:57 [INFO] Running PandasAI with langchain_groq-chat LLM...
2024-10-22 21:25:57 [INFO] Prompt ID: b955885c-3b45-4b8f-b3d9-a50cf497af4e
2024-10-22 21:25:57 [INFO] Executing Pipeline: GenerateChatPipeline
2024-10-22 21:25:57 [INFO] Executing Step 0: ValidatePipelineInput
2024-10-22 21:25:57 [INFO] Executing Step 1: CacheLookup
2024-10-22 21:25:57 [INFO] Executing Step 2: PromptGeneration
2024-10-22 21:25:57 [INFO] Using prompt: <dataframe>
dfs[0]:891x15
survived,pclass,sex,age,sibsp,parch,fare,embarked,class,who,adult_male,deck,embark_town,alive,alone
1,3,male,,1,1,6.4958,C,First,child,True,A,Queenstown,no,True
0,1,male,40.0,8,3,227.525,,Second,woman,False,,Cherbourg,yes,False
0,2,female,3.0,5,2,512.3292,S,Third,man,True,B,,yes,True
</dataframe>




Update this initial code:
```python
# TODO: import the required dependencies
import pandas as pd

# Write code here

# Declare result var: 
type (possible values "string", "number", "dataframe", "plot"). Examples: { "type": "string", "value": f"The highest salary is {highest_salary}." } or { "type": "number", "value": 125 } or { "type": "dataframe", "value": pd.DataFrame({...}) } or { "type": "plot", "value": "temp_chart.png" }

```



### QUERY
 how many dead people

Variable `dfs: list[pd.DataFrame]` is already declared.

At the end, declare "result" variable as a dictionary of type and value.

If you are asked to plot a chart, use "matplotlib" for charts, save as png.


Generate python code and return full updated code:
2024-10-22 21:25:57 [INFO] Executing Step 3: CodeGenerator
2024-10-22 21:25:58 [INFO] HTTP Request: POST https://api.groq.com/openai/v1/chat/completions "HTTP/1.1 200 OK"
2024-10-22 21:25:58 [ERROR] Pipeline failed on step 3: No code found in the response
2024-10-22 21:26:29 [INFO] Question: plot the alive versus  sex
2024-10-22 21:26:29 [INFO] Running PandasAI with langchain_groq-chat LLM...
2024-10-22 21:26:29 [INFO] Prompt ID: a767ec31-65fd-4157-8348-5db84283bee0
2024-10-22 21:26:29 [INFO] Executing Pipeline: GenerateChatPipeline
2024-10-22 21:26:29 [INFO] Executing Step 0: ValidatePipelineInput
2024-10-22 21:26:29 [INFO] Executing Step 1: CacheLookup
2024-10-22 21:26:29 [INFO] Executing Step 2: PromptGeneration
2024-10-22 21:26:29 [INFO] Using prompt: <dataframe>
dfs[0]:891x15
survived,pclass,sex,age,sibsp,parch,fare,embarked,class,who,adult_male,deck,embark_town,alive,alone
0,1,male,,0,4,65.0,,First,child,False,B,Cherbourg,no,True
0,2,male,1.0,4,5,14.4542,C,Third,man,False,F,Queenstown,yes,False
1,3,female,11.0,3,6,16.1,Q,Second,woman,True,,,no,True
</dataframe>




Update this initial code:
```python
# TODO: import the required dependencies
import pandas as pd

# Write code here

# Declare result var: 
type (possible values "string", "number", "dataframe", "plot"). Examples: { "type": "string", "value": f"The highest salary is {highest_salary}." } or { "type": "number", "value": 125 } or { "type": "dataframe", "value": pd.DataFrame({...}) } or { "type": "plot", "value": "temp_chart.png" }

```



### QUERY
 plot the alive versus  sex

Variable `dfs: list[pd.DataFrame]` is already declared.

At the end, declare "result" variable as a dictionary of type and value.

If you are asked to plot a chart, use "matplotlib" for charts, save as png.


Generate python code and return full updated code:
2024-10-22 21:26:29 [INFO] Executing Step 3: CodeGenerator
2024-10-22 21:26:29 [INFO] HTTP Request: POST https://api.groq.com/openai/v1/chat/completions "HTTP/1.1 200 OK"
2024-10-22 21:26:29 [INFO] Prompt used:
            
<dataframe>
dfs[0]:891x15
survived,pclass,sex,age,sibsp,parch,fare,embarked,class,who,adult_male,deck,embark_town,alive,alone
0,1,male,,0,4,65.0,,First,child,False,B,Cherbourg,no,True
0,2,male,1.0,4,5,14.4542,C,Third,man,False,F,Queenstown,yes,False
1,3,female,11.0,3,6,16.1,Q,Second,woman,True,,,no,True
</dataframe>




Update this initial code:
```python
# TODO: import the required dependencies
import pandas as pd

# Write code here

# Declare result var: 
type (possible values "string", "number", "dataframe", "plot"). Examples: { "type": "string", "value": f"The highest salary is {highest_salary}." } or { "type": "number", "value": 125 } or { "type": "dataframe", "value": pd.DataFrame({...}) } or { "type": "plot", "value": "temp_chart.png" }

```



### QUERY
 plot the alive versus  sex

Variable `dfs: list[pd.DataFrame]` is already declared.

At the end, declare "result" variable as a dictionary of type and value.

If you are asked to plot a chart, use "matplotlib" for charts, save as png.


Generate python code and return full updated code:
            
2024-10-22 21:26:29 [INFO] Code generated:
            ```
            # Import the required dependencies
import pandas as pd
import matplotlib.pyplot as plt

# Merged the dataframes
df = dfs[0]

# Plot the alive versus sex
plt.figure()
plt.scatter(df['sex'], df['alive'])
plt.xlabel('Sex')
plt.ylabel('Alive')
plt.title('Alive vs Sex')
plt.savefig('alive_vs_sex.png')

# Declare result variable
result = { "type": "plot", "value": "alive_vs_sex.png" }

print(result)
            ```
            
2024-10-22 21:26:29 [INFO] Executing Step 4: CachePopulation
2024-10-22 21:26:29 [INFO] Executing Step 5: CodeCleaning
2024-10-22 21:26:29 [INFO] Saving charts to C:\Users\anass\Desktop\sample\exports\charts\temp_chart.png
2024-10-22 21:26:29 [INFO] 
Code running:
```
df = dfs[0]
plt.figure()
plt.scatter(df['sex'], df['alive'])
plt.xlabel('Sex')
plt.ylabel('Alive')
plt.title('Alive vs Sex')
plt.savefig('C:/Users/anass/Desktop/sample/exports/charts/temp_chart.png')
result = {'type': 'plot', 'value': 'C:/Users/anass/Desktop/sample/exports/charts/temp_chart.png'}
print(result)
        ```
2024-10-22 21:26:29 [INFO] Executing Step 6: CodeExecution
2024-10-22 21:26:30 [INFO] Executing Step 7: ResultValidation
2024-10-22 21:26:30 [INFO] Answer: {'type': 'plot', 'value': 'C:/Users/anass/Desktop/sample/exports/charts/temp_chart.png'}
2024-10-22 21:26:30 [INFO] Executing Step 8: ResultParsing
2024-10-22 21:26:56 [INFO] Question: give me the max the min the avg and more
2024-10-22 21:26:56 [INFO] Running PandasAI with langchain_groq-chat LLM...
2024-10-22 21:26:56 [INFO] Prompt ID: f244072a-6b73-489a-b557-f5109c5f6781
2024-10-22 21:26:56 [INFO] Executing Pipeline: GenerateChatPipeline
2024-10-22 21:26:56 [INFO] Executing Step 0: ValidatePipelineInput
2024-10-22 21:26:56 [INFO] Executing Step 1: CacheLookup
2024-10-22 21:26:56 [INFO] Executing Step 2: PromptGeneration
2024-10-22 21:26:56 [INFO] Using prompt: <dataframe>
dfs[0]:891x15
survived,pclass,sex,age,sibsp,parch,fare,embarked,class,who,adult_male,deck,embark_town,alive,alone
0,1,female,,0,5,9.8375,S,Second,man,False,G,,yes,False
1,3,male,33.0,2,2,34.375,Q,First,child,True,E,Cherbourg,no,True
0,2,male,23.5,4,0,32.3208,,Third,woman,False,,Southampton,no,False
</dataframe>




Update this initial code:
```python
# TODO: import the required dependencies
import pandas as pd

# Write code here

# Declare result var: 
type (possible values "string", "number", "dataframe", "plot"). Examples: { "type": "string", "value": f"The highest salary is {highest_salary}." } or { "type": "number", "value": 125 } or { "type": "dataframe", "value": pd.DataFrame({...}) } or { "type": "plot", "value": "temp_chart.png" }

```



### QUERY
 give me the max the min the avg and more

Variable `dfs: list[pd.DataFrame]` is already declared.

At the end, declare "result" variable as a dictionary of type and value.

If you are asked to plot a chart, use "matplotlib" for charts, save as png.


Generate python code and return full updated code:
2024-10-22 21:26:56 [INFO] Executing Step 3: CodeGenerator
2024-10-22 21:26:57 [INFO] HTTP Request: POST https://api.groq.com/openai/v1/chat/completions "HTTP/1.1 200 OK"
2024-10-22 21:26:57 [INFO] Prompt used:
            
<dataframe>
dfs[0]:891x15
survived,pclass,sex,age,sibsp,parch,fare,embarked,class,who,adult_male,deck,embark_town,alive,alone
0,1,female,,0,5,9.8375,S,Second,man,False,G,,yes,False
1,3,male,33.0,2,2,34.375,Q,First,child,True,E,Cherbourg,no,True
0,2,male,23.5,4,0,32.3208,,Third,woman,False,,Southampton,no,False
</dataframe>




Update this initial code:
```python
# TODO: import the required dependencies
import pandas as pd

# Write code here

# Declare result var: 
type (possible values "string", "number", "dataframe", "plot"). Examples: { "type": "string", "value": f"The highest salary is {highest_salary}." } or { "type": "number", "value": 125 } or { "type": "dataframe", "value": pd.DataFrame({...}) } or { "type": "plot", "value": "temp_chart.png" }

```



### QUERY
 give me the max the min the avg and more

Variable `dfs: list[pd.DataFrame]` is already declared.

At the end, declare "result" variable as a dictionary of type and value.

If you are asked to plot a chart, use "matplotlib" for charts, save as png.


Generate python code and return full updated code:
            
2024-10-22 21:26:57 [INFO] Code generated:
            ```
            import pandas as pd
import matplotlib.pyplot as plt

# Access the first dataframe in the list
df = dfs[0]

# Calculate the max, min, and avg values for the 'age' column
max_age = df['age'].max()
min_age = df['age'].min()
avg_age = df['age'].mean()

# Calculate the number of survived and not survived passengers
survived = df['survived'].sum()
not_survived = len(df) - survived

# Calculate the average fare for survived and not survived passengers
avg_fare_survived = df[df['survived'] == 1]['fare'].mean()
avg_fare_not_survived = df[df['survived'] == 0]['fare'].mean()

# Plot a bar chart of the number of survived and not survived passengers
plt.bar(['Survived', 'Not Survived'], [survived, not_survived])
plt.xlabel('Survival Status')
plt.ylabel('Number of Passengers')
plt.title('Number of Survived and Not Survived Passengers')
plt.savefig('survival_rate.png')

# Declare the result variable as a dictionary
result = {
    "type": "string",
    "value": f"The highest age is {max_age}, the lowest age is {min_age}, and the average age is {avg_age}."
}

result.append({
    "type": "number",
    "value": avg_fare_survived
})

result.append({
    "type": "number",
    "value": avg_fare_not_survived
})

result.append({
    "type": "plot",
    "value": 'survival_rate.png'
})
            ```
            
2024-10-22 21:26:57 [INFO] Executing Step 4: CachePopulation
2024-10-22 21:26:57 [INFO] Executing Step 5: CodeCleaning
2024-10-22 21:26:57 [INFO] Saving charts to C:\Users\anass\Desktop\sample\exports\charts\temp_chart.png
2024-10-22 21:26:57 [INFO] 
Code running:
```
df = dfs[0]
max_age = df['age'].max()
min_age = df['age'].min()
avg_age = df['age'].mean()
survived = df['survived'].sum()
not_survived = len(df) - survived
avg_fare_survived = df[df['survived'] == 1]['fare'].mean()
avg_fare_not_survived = df[df['survived'] == 0]['fare'].mean()
plt.bar(['Survived', 'Not Survived'], [survived, not_survived])
plt.xlabel('Survival Status')
plt.ylabel('Number of Passengers')
plt.title('Number of Survived and Not Survived Passengers')
plt.savefig('C:/Users/anass/Desktop/sample/exports/charts/temp_chart.png')
result = {'type': 'string', 'value': f'The highest age is {max_age}, the lowest age is {min_age}, and the average age is {avg_age}.'}
result.append({'type': 'number', 'value': avg_fare_survived})
result.append({'type': 'number', 'value': avg_fare_not_survived})
result.append({'type': 'plot', 'value': 'C:/Users/anass/Desktop/sample/exports/charts/temp_chart.png'})
        ```
2024-10-22 21:26:57 [INFO] Executing Step 6: CodeExecution
2024-10-22 21:26:57 [ERROR] Failed with error: Traceback (most recent call last):
  File "c:\Users\anass\Desktop\sample\.venv\Lib\site-packages\pandasai\pipelines\chat\code_execution.py", line 85, in execute
    result = self.execute_code(code_to_run, code_context)
             ^^^^^^^^^^^^^^^^^^^^^^^^^^^^^^^^^^^^^^^^^^^^
  File "c:\Users\anass\Desktop\sample\.venv\Lib\site-packages\pandasai\pipelines\chat\code_execution.py", line 171, in execute_code
    exec(code, environment)
  File "<string>", line 15, in <module>
AttributeError: 'dict' object has no attribute 'append'

2024-10-22 21:26:57 [WARNING] Failed to execute code retrying with a correction framework [retry number: 1]
2024-10-22 21:26:57 [INFO] Executing Pipeline: ErrorCorrectionPipeline
2024-10-22 21:26:57 [INFO] Executing Step 0: ErrorPromptGeneration
2024-10-22 21:26:57 [INFO] Using prompt: <dataframe>
dfs[0]:891x15
survived,pclass,sex,age,sibsp,parch,fare,embarked,class,who,adult_male,deck,embark_town,alive,alone
0,1,female,,0,5,9.8375,S,Second,man,False,G,,yes,False
1,3,male,33.0,2,2,34.375,Q,First,child,True,E,Cherbourg,no,True
0,2,male,23.5,4,0,32.3208,,Third,woman,False,,Southampton,no,False
</dataframe>


The user asked the following question:
### QUERY
 give me the max the min the avg and more

You generated this python code:
df = dfs[0]
max_age = df['age'].max()
min_age = df['age'].min()
avg_age = df['age'].mean()
survived = df['survived'].sum()
not_survived = len(df) - survived
avg_fare_survived = df[df['survived'] == 1]['fare'].mean()
avg_fare_not_survived = df[df['survived'] == 0]['fare'].mean()
plt.bar(['Survived', 'Not Survived'], [survived, not_survived])
plt.xlabel('Survival Status')
plt.ylabel('Number of Passengers')
plt.title('Number of Survived and Not Survived Passengers')
plt.savefig('C:/Users/anass/Desktop/sample/exports/charts/temp_chart.png')
result = {'type': 'string', 'value': f'The highest age is {max_age}, the lowest age is {min_age}, and the average age is {avg_age}.'}
result.append({'type': 'number', 'value': avg_fare_survived})
result.append({'type': 'number', 'value': avg_fare_not_survived})
result.append({'type': 'plot', 'value': 'C:/Users/anass/Desktop/sample/exports/charts/temp_chart.png'})

It fails with the following error:
Traceback (most recent call last):
  File "c:\Users\anass\Desktop\sample\.venv\Lib\site-packages\pandasai\pipelines\chat\code_execution.py", line 85, in execute
    result = self.execute_code(code_to_run, code_context)
             ^^^^^^^^^^^^^^^^^^^^^^^^^^^^^^^^^^^^^^^^^^^^
  File "c:\Users\anass\Desktop\sample\.venv\Lib\site-packages\pandasai\pipelines\chat\code_execution.py", line 171, in execute_code
    exec(code, environment)
  File "<string>", line 15, in <module>
AttributeError: 'dict' object has no attribute 'append'


Fix the python code above and return the new python code:
2024-10-22 21:26:57 [INFO] Executing Step 1: CodeGenerator
2024-10-22 21:26:58 [INFO] HTTP Request: POST https://api.groq.com/openai/v1/chat/completions "HTTP/1.1 200 OK"
2024-10-22 21:26:58 [INFO] Prompt used:
            
<dataframe>
dfs[0]:891x15
survived,pclass,sex,age,sibsp,parch,fare,embarked,class,who,adult_male,deck,embark_town,alive,alone
0,1,female,,0,5,9.8375,S,Second,man,False,G,,yes,False
1,3,male,33.0,2,2,34.375,Q,First,child,True,E,Cherbourg,no,True
0,2,male,23.5,4,0,32.3208,,Third,woman,False,,Southampton,no,False
</dataframe>


The user asked the following question:
### QUERY
 give me the max the min the avg and more

You generated this python code:
df = dfs[0]
max_age = df['age'].max()
min_age = df['age'].min()
avg_age = df['age'].mean()
survived = df['survived'].sum()
not_survived = len(df) - survived
avg_fare_survived = df[df['survived'] == 1]['fare'].mean()
avg_fare_not_survived = df[df['survived'] == 0]['fare'].mean()
plt.bar(['Survived', 'Not Survived'], [survived, not_survived])
plt.xlabel('Survival Status')
plt.ylabel('Number of Passengers')
plt.title('Number of Survived and Not Survived Passengers')
plt.savefig('C:/Users/anass/Desktop/sample/exports/charts/temp_chart.png')
result = {'type': 'string', 'value': f'The highest age is {max_age}, the lowest age is {min_age}, and the average age is {avg_age}.'}
result.append({'type': 'number', 'value': avg_fare_survived})
result.append({'type': 'number', 'value': avg_fare_not_survived})
result.append({'type': 'plot', 'value': 'C:/Users/anass/Desktop/sample/exports/charts/temp_chart.png'})

It fails with the following error:
Traceback (most recent call last):
  File "c:\Users\anass\Desktop\sample\.venv\Lib\site-packages\pandasai\pipelines\chat\code_execution.py", line 85, in execute
    result = self.execute_code(code_to_run, code_context)
             ^^^^^^^^^^^^^^^^^^^^^^^^^^^^^^^^^^^^^^^^^^^^
  File "c:\Users\anass\Desktop\sample\.venv\Lib\site-packages\pandasai\pipelines\chat\code_execution.py", line 171, in execute_code
    exec(code, environment)
  File "<string>", line 15, in <module>
AttributeError: 'dict' object has no attribute 'append'


Fix the python code above and return the new python code:
            
2024-10-22 21:26:58 [INFO] Code generated:
            ```
            df = dfs[0]
max_age = df['age'].max()
min_age = df['age'].min()
avg_age = df['age'].mean()
survived = df['survived'].sum()
not_survived = len(df) - survived
avg_fare_survived = df[df['survived'] == 1]['fare'].mean()
avg_fare_not_survived = df[df['survived'] == 0]['fare'].mean()
plt.bar(['Survived', 'Not Survived'], [survived, not_survived])
plt.xlabel('Survival Status')
plt.ylabel('Number of Passengers')
plt.title('Number of Survived and Not Survived Passengers')
plt.savefig('C:/Users/anass/Desktop/sample/exports/charts/temp_chart.png')

result = {}
result['type'] = 'string'
result['value'] = f'The highest age is {max_age}, the lowest age is {min_age}, and the average age is {avg_age}.'
result['avg_fare_survived'] = avg_fare_survived
result['avg_fare_not_survived'] = avg_fare_not_survived
result['plot'] = 'C:/Users/anass/Desktop/sample/exports/charts/temp_chart.png'
            ```
            
2024-10-22 21:26:58 [INFO] Executing Step 2: CodeCleaning
2024-10-22 21:26:58 [INFO] Saving charts to C:\Users\anass\Desktop\sample\exports\charts\temp_chart.png
2024-10-22 21:26:58 [INFO] 
Code running:
```
df = dfs[0]
max_age = df['age'].max()
min_age = df['age'].min()
avg_age = df['age'].mean()
survived = df['survived'].sum()
not_survived = len(df) - survived
avg_fare_survived = df[df['survived'] == 1]['fare'].mean()
avg_fare_not_survived = df[df['survived'] == 0]['fare'].mean()
plt.bar(['Survived', 'Not Survived'], [survived, not_survived])
plt.xlabel('Survival Status')
plt.ylabel('Number of Passengers')
plt.title('Number of Survived and Not Survived Passengers')
plt.savefig('C:/Users/anass/Desktop/sample/exports/charts/temp_chart.png')
result = {}
result['type'] = 'string'
result['value'] = f'The highest age is {max_age}, the lowest age is {min_age}, and the average age is {avg_age}.'
result['avg_fare_survived'] = avg_fare_survived
result['avg_fare_not_survived'] = avg_fare_not_survived
result['plot'] = 'C:/Users/anass/Desktop/sample/exports/charts/temp_chart.png'
        ```
2024-10-22 21:26:58 [INFO] Executing Step 7: ResultValidation
2024-10-22 21:26:58 [INFO] Answer: {'type': 'string', 'value': 'The highest age is 80.0, the lowest age is 0.42, and the average age is 29.69911764705882.', 'avg_fare_survived': np.float64(48.39540760233918), 'avg_fare_not_survived': np.float64(22.117886885245902), 'plot': 'C:/Users/anass/Desktop/sample/exports/charts/temp_chart.png'}
2024-10-22 21:26:58 [INFO] Executing Step 8: ResultParsing
2024-10-22 21:27:51 [INFO] Question: give me a statistical dataframe about the data
2024-10-22 21:27:51 [INFO] Running PandasAI with langchain_groq-chat LLM...
2024-10-22 21:27:51 [INFO] Prompt ID: da4ad818-1a9c-42e6-bc41-834c5aa97901
2024-10-22 21:27:51 [INFO] Executing Pipeline: GenerateChatPipeline
2024-10-22 21:27:51 [INFO] Executing Step 0: ValidatePipelineInput
2024-10-22 21:27:51 [INFO] Executing Step 1: CacheLookup
2024-10-22 21:27:51 [INFO] Executing Step 2: PromptGeneration
2024-10-22 21:27:51 [INFO] Using prompt: <dataframe>
dfs[0]:891x15
survived,pclass,sex,age,sibsp,parch,fare,embarked,class,who,adult_male,deck,embark_town,alive,alone
1,3,female,,2,6,69.55,S,Third,child,False,,Cherbourg,no,False
0,1,male,35.0,8,2,61.9792,,First,woman,False,C,Southampton,yes,True
1,2,female,80.0,4,0,262.375,C,Second,man,True,B,,yes,False
</dataframe>




Update this initial code:
```python
# TODO: import the required dependencies
import pandas as pd

# Write code here

# Declare result var: 
type (possible values "string", "number", "dataframe", "plot"). Examples: { "type": "string", "value": f"The highest salary is {highest_salary}." } or { "type": "number", "value": 125 } or { "type": "dataframe", "value": pd.DataFrame({...}) } or { "type": "plot", "value": "temp_chart.png" }

```



### QUERY
 give me a statistical dataframe about the data

Variable `dfs: list[pd.DataFrame]` is already declared.

At the end, declare "result" variable as a dictionary of type and value.

If you are asked to plot a chart, use "matplotlib" for charts, save as png.


Generate python code and return full updated code:
2024-10-22 21:27:51 [INFO] Executing Step 3: CodeGenerator
2024-10-22 21:27:52 [INFO] HTTP Request: POST https://api.groq.com/openai/v1/chat/completions "HTTP/1.1 200 OK"
2024-10-22 21:27:52 [INFO] Prompt used:
            
<dataframe>
dfs[0]:891x15
survived,pclass,sex,age,sibsp,parch,fare,embarked,class,who,adult_male,deck,embark_town,alive,alone
1,3,female,,2,6,69.55,S,Third,child,False,,Cherbourg,no,False
0,1,male,35.0,8,2,61.9792,,First,woman,False,C,Southampton,yes,True
1,2,female,80.0,4,0,262.375,C,Second,man,True,B,,yes,False
</dataframe>




Update this initial code:
```python
# TODO: import the required dependencies
import pandas as pd

# Write code here

# Declare result var: 
type (possible values "string", "number", "dataframe", "plot"). Examples: { "type": "string", "value": f"The highest salary is {highest_salary}." } or { "type": "number", "value": 125 } or { "type": "dataframe", "value": pd.DataFrame({...}) } or { "type": "plot", "value": "temp_chart.png" }

```



### QUERY
 give me a statistical dataframe about the data

Variable `dfs: list[pd.DataFrame]` is already declared.

At the end, declare "result" variable as a dictionary of type and value.

If you are asked to plot a chart, use "matplotlib" for charts, save as png.


Generate python code and return full updated code:
            
2024-10-22 21:27:52 [INFO] Code generated:
            ```
            # TODO: import the required dependencies
import pandas as pd
import matplotlib.pyplot as plt

# Load the data
dfs = ...  # your data is already loaded, so no need to load it again

# Create a statistical dataframe about the data
stats_df = pd.DataFrame({
    'Mean Age': [dfs[0]['age'].mean()],
    'Median Age': [dfs[0]['age'].median()],
    'Mode Age': [dfs[0]['age'].mode().iloc[0]],
    'Standard Deviation of Age': [dfs[0]['age'].std()],
    'Count of Females': [dfs[0]['sex'].value_counts().female],
    'Count of Males': [dfs[0]['sex'].value_counts().male],
    'Survival Rate': [dfs[0]['survived'].mean()],
    'Mean Fare': [dfs[0]['fare'].mean()],
    'Median Fare': [dfs[0]['fare'].median()]
})

# Convert the dataframe to a string
stats_str = stats_df.to_string(index=False)

# Declare result variable
result = {"type": "dataframe", "value": stats_df}

# If you want to plot, you can do it here
# plot_data = dfs[0].plot(kind='bar', x='age', y='survived')
# plt.savefig('temp_chart.png')
# result = {"type": "plot", "value": 'temp_chart.png'}
            ```
            
2024-10-22 21:27:52 [INFO] Executing Step 4: CachePopulation
2024-10-22 21:27:52 [INFO] Executing Step 5: CodeCleaning
2024-10-22 21:27:52 [INFO] Saving charts to C:\Users\anass\Desktop\sample\exports\charts\temp_chart.png
2024-10-22 21:27:52 [INFO] 
Code running:
```
stats_df = pd.DataFrame({'Mean Age': [dfs[0]['age'].mean()], 'Median Age': [dfs[0]['age'].median()], 'Mode Age': [dfs[0]['age'].mode().iloc[0]], 'Standard Deviation of Age': [dfs[0]['age'].std()], 'Count of Females': [dfs[0]['sex'].value_counts().female], 'Count of Males': [dfs[0]['sex'].value_counts().male], 'Survival Rate': [dfs[0]['survived'].mean()], 'Mean Fare': [dfs[0]['fare'].mean()], 'Median Fare': [dfs[0]['fare'].median()]})
stats_str = stats_df.to_string(index=False)
result = {'type': 'dataframe', 'value': stats_df}
        ```
2024-10-22 21:27:52 [INFO] Executing Step 6: CodeExecution
2024-10-22 21:27:52 [INFO] Executing Step 7: ResultValidation
2024-10-22 21:27:52 [INFO] Answer: {'type': 'dataframe', 'value':     Mean Age  Median Age  Mode Age  ...  Survival Rate  Mean Fare  Median Fare
0  29.699118        28.0      24.0  ...       0.383838  32.204208      14.4542

[1 rows x 9 columns]}
2024-10-22 21:27:52 [INFO] Executing Step 8: ResultParsing
2024-10-22 21:28:09 [INFO] Question: give me a complete statistical dataframe about the data
2024-10-22 21:28:09 [INFO] Running PandasAI with langchain_groq-chat LLM...
2024-10-22 21:28:09 [INFO] Prompt ID: d2ca3715-097b-4eba-8960-40277ff7ff8d
2024-10-22 21:28:09 [INFO] Executing Pipeline: GenerateChatPipeline
2024-10-22 21:28:09 [INFO] Executing Step 0: ValidatePipelineInput
2024-10-22 21:28:09 [INFO] Executing Step 1: CacheLookup
2024-10-22 21:28:09 [INFO] Executing Step 2: PromptGeneration
2024-10-22 21:28:09 [INFO] Using prompt: <dataframe>
dfs[0]:891x15
survived,pclass,sex,age,sibsp,parch,fare,embarked,class,who,adult_male,deck,embark_town,alive,alone
0,3,female,45.0,2,5,9.225,Q,Second,man,True,B,,no,True
0,1,male,23.0,8,2,12.475,,First,child,False,D,Queenstown,no,True
1,2,male,,1,1,15.0,S,Third,woman,False,,Southampton,yes,False
</dataframe>




Update this initial code:
```python
# TODO: import the required dependencies
import pandas as pd

# Write code here

# Declare result var: 
type (possible values "string", "number", "dataframe", "plot"). Examples: { "type": "string", "value": f"The highest salary is {highest_salary}." } or { "type": "number", "value": 125 } or { "type": "dataframe", "value": pd.DataFrame({...}) } or { "type": "plot", "value": "temp_chart.png" }

```



### QUERY
 give me a complete statistical dataframe about the data

Variable `dfs: list[pd.DataFrame]` is already declared.

At the end, declare "result" variable as a dictionary of type and value.

If you are asked to plot a chart, use "matplotlib" for charts, save as png.


Generate python code and return full updated code:
2024-10-22 21:28:09 [INFO] Executing Step 3: CodeGenerator
2024-10-22 21:28:10 [INFO] HTTP Request: POST https://api.groq.com/openai/v1/chat/completions "HTTP/1.1 200 OK"
2024-10-22 21:28:10 [INFO] Prompt used:
            
<dataframe>
dfs[0]:891x15
survived,pclass,sex,age,sibsp,parch,fare,embarked,class,who,adult_male,deck,embark_town,alive,alone
0,3,female,45.0,2,5,9.225,Q,Second,man,True,B,,no,True
0,1,male,23.0,8,2,12.475,,First,child,False,D,Queenstown,no,True
1,2,male,,1,1,15.0,S,Third,woman,False,,Southampton,yes,False
</dataframe>




Update this initial code:
```python
# TODO: import the required dependencies
import pandas as pd

# Write code here

# Declare result var: 
type (possible values "string", "number", "dataframe", "plot"). Examples: { "type": "string", "value": f"The highest salary is {highest_salary}." } or { "type": "number", "value": 125 } or { "type": "dataframe", "value": pd.DataFrame({...}) } or { "type": "plot", "value": "temp_chart.png" }

```



### QUERY
 give me a complete statistical dataframe about the data

Variable `dfs: list[pd.DataFrame]` is already declared.

At the end, declare "result" variable as a dictionary of type and value.

If you are asked to plot a chart, use "matplotlib" for charts, save as png.


Generate python code and return full updated code:
            
2024-10-22 21:28:10 [INFO] Code generated:
            ```
            # TODO: import the required dependencies
import pandas as pd
import matplotlib.pyplot as plt

# Load the dataframe
dfs = [pd.DataFrame({
    'survived': [1, 0, 0],
    'pclass': [3, 1, 2],
    'sex': ['female', 'male', 'male'],
    'age': [45.0, 23.0, None],
    'sibsp': [2, 8, 1],
    'parch': [5, 2, 1],
    'fare': [9.225, 12.475, 15.0],
    'embarked': ['Q', '', 'S'],
    'class': ['Second', '', 'Third'],
    'who': ['man', 'child', 'woman'],
    'adult_male': [True, False, False],
    'deck': ['', '', ''],
    'embark_town': ['Queenstown', 'Queenstown', 'Southampton'],
    'alive': [True, True, False],
    'alone': [True, False, False]
})]

# Calculate statistics
stats_df = dfs[0].describe()

# Plot a chart
plt.figure(figsize=(10,6))
plt.plot(dfs[0]['fare'])
plt.title('Fare Distribution')
plt.xlabel('Index')
plt.ylabel('Fare')
plt.savefig('fare_distribution.png')

# Declare result var:
result = {
    "type": "dataframe",
    "value": stats_df
}
            ```
            
2024-10-22 21:28:10 [INFO] Executing Step 4: CachePopulation
2024-10-22 21:28:10 [INFO] Executing Step 5: CodeCleaning
2024-10-22 21:28:10 [INFO] Saving charts to C:\Users\anass\Desktop\sample\exports\charts\temp_chart.png
2024-10-22 21:28:10 [INFO] 
Code running:
```
stats_df = dfs[0].describe()
plt.figure(figsize=(10, 6))
plt.plot(dfs[0]['fare'])
plt.title('Fare Distribution')
plt.xlabel('Index')
plt.ylabel('Fare')
plt.savefig('C:/Users/anass/Desktop/sample/exports/charts/temp_chart.png')
result = {'type': 'dataframe', 'value': stats_df}
        ```
2024-10-22 21:28:10 [INFO] Executing Step 6: CodeExecution
2024-10-22 21:28:10 [INFO] Executing Step 7: ResultValidation
2024-10-22 21:28:10 [INFO] Answer: {'type': 'dataframe', 'value':          survived      pclass         age       sibsp       parch        fare
count  891.000000  891.000000  714.000000  891.000000  891.000000  891.000000
mean     0.383838    2.308642   29.699118    0.523008    0.381594   32.204208
std      0.486592    0.836071   14.526497    1.102743    0.806057   49.693429
min      0.000000    1.000000    0.420000    0.000000    0.000000    0.000000
25%      0.000000    2.000000   20.125000    0.000000    0.000000    7.910400
50%      0.000000    3.000000   28.000000    0.000000    0.000000   14.454200
75%      1.000000    3.000000   38.000000    1.000000    0.000000   31.000000
max      1.000000    3.000000   80.000000    8.000000    6.000000  512.329200}
2024-10-22 21:28:10 [INFO] Executing Step 8: ResultParsing
2024-10-22 21:45:51 [INFO] Question: give me two components that i can di binary distillation with 
2024-10-22 21:45:51 [INFO] Running PandasAI with langchain_groq-chat LLM...
2024-10-22 21:45:51 [INFO] Prompt ID: af0d05ba-475a-40cb-822f-1395131f7a88
2024-10-22 21:45:51 [INFO] Executing Pipeline: GenerateChatPipeline
2024-10-22 21:45:51 [INFO] Executing Step 0: ValidatePipelineInput
2024-10-22 21:45:51 [INFO] Executing Step 1: CacheLookup
2024-10-22 21:45:51 [INFO] Executing Step 2: PromptGeneration
2024-10-22 21:45:51 [INFO] Using prompt: <dataframe>
dfs[0]:699x7
Formula,Compound,A,B,C,Tmin,Tmax
C11H24O,bromoethane,6.8407,1205.079,219.62,75,160.0
CH2O2,m-dichlorobenzene,8.1182,1138.91,232.42,27,166.0
C10H14,"2,2-dimethypropane",7.0319,1427.77,216.01,-111,287.0
</dataframe>




Update this initial code:
```python
# TODO: import the required dependencies
import pandas as pd

# Write code here

# Declare result var: 
type (possible values "string", "number", "dataframe", "plot"). Examples: { "type": "string", "value": f"The highest salary is {highest_salary}." } or { "type": "number", "value": 125 } or { "type": "dataframe", "value": pd.DataFrame({...}) } or { "type": "plot", "value": "temp_chart.png" }

```



### QUERY
 give me two components that i can di binary distillation with 

Variable `dfs: list[pd.DataFrame]` is already declared.

At the end, declare "result" variable as a dictionary of type and value.

If you are asked to plot a chart, use "matplotlib" for charts, save as png.


Generate python code and return full updated code:
2024-10-22 21:45:51 [INFO] Executing Step 3: CodeGenerator
2024-10-22 21:45:51 [INFO] HTTP Request: POST https://api.groq.com/openai/v1/chat/completions "HTTP/1.1 200 OK"
2024-10-22 21:45:52 [INFO] Prompt used:
            
<dataframe>
dfs[0]:699x7
Formula,Compound,A,B,C,Tmin,Tmax
C11H24O,bromoethane,6.8407,1205.079,219.62,75,160.0
CH2O2,m-dichlorobenzene,8.1182,1138.91,232.42,27,166.0
C10H14,"2,2-dimethypropane",7.0319,1427.77,216.01,-111,287.0
</dataframe>




Update this initial code:
```python
# TODO: import the required dependencies
import pandas as pd

# Write code here

# Declare result var: 
type (possible values "string", "number", "dataframe", "plot"). Examples: { "type": "string", "value": f"The highest salary is {highest_salary}." } or { "type": "number", "value": 125 } or { "type": "dataframe", "value": pd.DataFrame({...}) } or { "type": "plot", "value": "temp_chart.png" }

```



### QUERY
 give me two components that i can di binary distillation with 

Variable `dfs: list[pd.DataFrame]` is already declared.

At the end, declare "result" variable as a dictionary of type and value.

If you are asked to plot a chart, use "matplotlib" for charts, save as png.


Generate python code and return full updated code:
            
2024-10-22 21:45:52 [INFO] Code generated:
            ```
            # Import required dependencies
import pandas as pd

# Initialize result variable
result = {}

# Loop through dataframes in the list
for df in dfs:
    # Get the column names
    columns = df.columns
    
    # Find the compounds that can be distilled using binary distillation
    binary_distillable = df[(df['A'] > 0) & (df['B'] > 0)]
    
    # Get the first two rows of the binary_distillable dataframe
    binary_distillable = binary_distillable.head(2)
    
    # Convert the dataframe to a dictionary
    distillable_compounds = binary_distillable.to_dict('records')
    
    # Update the result variable
    result = {"type": "dataframe", "value": distillable_compounds}

print(result)
            ```
            
2024-10-22 21:45:52 [INFO] Executing Step 4: CachePopulation
2024-10-22 21:45:52 [INFO] Executing Step 5: CodeCleaning
2024-10-22 21:45:52 [INFO] 
Code running:
```
result = {}
for df in dfs:
    columns = df.columns
    binary_distillable = df[(df['A'] > 0) & (df['B'] > 0)]
    binary_distillable = binary_distillable.head(2)
    distillable_compounds = binary_distillable.to_dict('records')
    result = {'type': 'dataframe', 'value': distillable_compounds}
print(result)
        ```
2024-10-22 21:45:52 [INFO] Executing Step 6: CodeExecution
2024-10-22 21:45:52 [ERROR] Failed with error: Traceback (most recent call last):
  File "c:\Users\anass\Documents\GitHub\analytics-using-pandas-ai\.venv\Lib\site-packages\pandasai\pipelines\chat\code_execution.py", line 97, in execute
    raise InvalidOutputValueMismatch(
pandasai.exceptions.InvalidOutputValueMismatch: Value type <class 'list'> must match with type dataframe

2024-10-22 21:45:52 [WARNING] Failed to execute code retrying with a correction framework [retry number: 1]
2024-10-22 21:45:52 [INFO] Executing Pipeline: ErrorCorrectionPipeline
2024-10-22 21:45:52 [INFO] Executing Step 0: ErrorPromptGeneration
2024-10-22 21:45:52 [INFO] Using prompt: <dataframe>
dfs[0]:699x7
Formula,Compound,A,B,C,Tmin,Tmax
C11H24O,bromoethane,6.8407,1205.079,219.62,75,160.0
CH2O2,m-dichlorobenzene,8.1182,1138.91,232.42,27,166.0
C10H14,"2,2-dimethypropane",7.0319,1427.77,216.01,-111,287.0
</dataframe>


The user asked the following question:
### QUERY
 give me two components that i can di binary distillation with 

You generated this python code:
result = {}
for df in dfs:
    columns = df.columns
    binary_distillable = df[(df['A'] > 0) & (df['B'] > 0)]
    binary_distillable = binary_distillable.head(2)
    distillable_compounds = binary_distillable.to_dict('records')
    result = {'type': 'dataframe', 'value': distillable_compounds}
print(result)

It fails with the following error:
Traceback (most recent call last):
  File "c:\Users\anass\Documents\GitHub\analytics-using-pandas-ai\.venv\Lib\site-packages\pandasai\pipelines\chat\code_execution.py", line 97, in execute
    raise InvalidOutputValueMismatch(
pandasai.exceptions.InvalidOutputValueMismatch: Value type <class 'list'> must match with type dataframe


Fix the python code above and return the new python code:
2024-10-22 21:45:52 [INFO] Executing Step 1: CodeGenerator
2024-10-22 21:45:52 [INFO] HTTP Request: POST https://api.groq.com/openai/v1/chat/completions "HTTP/1.1 200 OK"
2024-10-22 21:45:52 [INFO] Prompt used:
            
<dataframe>
dfs[0]:699x7
Formula,Compound,A,B,C,Tmin,Tmax
C11H24O,bromoethane,6.8407,1205.079,219.62,75,160.0
CH2O2,m-dichlorobenzene,8.1182,1138.91,232.42,27,166.0
C10H14,"2,2-dimethypropane",7.0319,1427.77,216.01,-111,287.0
</dataframe>


The user asked the following question:
### QUERY
 give me two components that i can di binary distillation with 

You generated this python code:
result = {}
for df in dfs:
    columns = df.columns
    binary_distillable = df[(df['A'] > 0) & (df['B'] > 0)]
    binary_distillable = binary_distillable.head(2)
    distillable_compounds = binary_distillable.to_dict('records')
    result = {'type': 'dataframe', 'value': distillable_compounds}
print(result)

It fails with the following error:
Traceback (most recent call last):
  File "c:\Users\anass\Documents\GitHub\analytics-using-pandas-ai\.venv\Lib\site-packages\pandasai\pipelines\chat\code_execution.py", line 97, in execute
    raise InvalidOutputValueMismatch(
pandasai.exceptions.InvalidOutputValueMismatch: Value type <class 'list'> must match with type dataframe


Fix the python code above and return the new python code:
            
2024-10-22 21:45:52 [INFO] Code generated:
            ```
            result = {'type': 'dataframe'}
binary_distillable = dfs[0][dfs[0]['A'] > 0 & dfs[0]['B'] > 0].head(2)
result['value'] = binary_distillable
print(result)
            ```
            
2024-10-22 21:45:52 [INFO] Executing Step 2: CodeCleaning
2024-10-22 21:45:52 [INFO] 
Code running:
```
result = {'type': 'dataframe'}
binary_distillable = dfs[0][dfs[0]['A'] > 0 & dfs[0]['B'] > 0].head(2)
result['value'] = binary_distillable
print(result)
        ```
2024-10-22 21:45:52 [ERROR] Failed with error: Traceback (most recent call last):
  File "c:\Users\anass\Documents\GitHub\analytics-using-pandas-ai\.venv\Lib\site-packages\pandas\core\ops\array_ops.py", line 362, in na_logical_op
    result = op(x, y)
             ^^^^^^^^
  File "c:\Users\anass\Documents\GitHub\analytics-using-pandas-ai\.venv\Lib\site-packages\pandas\core\roperator.py", line 54, in rand_
    return operator.and_(right, left)
           ^^^^^^^^^^^^^^^^^^^^^^^^^^
TypeError: ufunc 'bitwise_and' not supported for the input types, and the inputs could not be safely coerced to any supported types according to the casting rule ''safe''

During handling of the above exception, another exception occurred:

Traceback (most recent call last):
  File "c:\Users\anass\Documents\GitHub\analytics-using-pandas-ai\.venv\Lib\site-packages\pandas\core\ops\array_ops.py", line 376, in na_logical_op
    result = libops.scalar_binop(x, y, op)
             ^^^^^^^^^^^^^^^^^^^^^^^^^^^^^
  File "ops.pyx", line 180, in pandas._libs.ops.scalar_binop
ValueError: Buffer dtype mismatch, expected 'Python object' but got 'double'

The above exception was the direct cause of the following exception:

Traceback (most recent call last):
  File "c:\Users\anass\Documents\GitHub\analytics-using-pandas-ai\.venv\Lib\site-packages\pandasai\pipelines\chat\code_execution.py", line 85, in execute
    result = self.execute_code(code_to_run, code_context)
             ^^^^^^^^^^^^^^^^^^^^^^^^^^^^^^^^^^^^^^^^^^^^
  File "c:\Users\anass\Documents\GitHub\analytics-using-pandas-ai\.venv\Lib\site-packages\pandasai\pipelines\chat\code_execution.py", line 171, in execute_code
    exec(code, environment)
  File "<string>", line 2, in <module>
  File "c:\Users\anass\Documents\GitHub\analytics-using-pandas-ai\.venv\Lib\site-packages\pandas\core\ops\common.py", line 76, in new_method
    return method(self, other)
           ^^^^^^^^^^^^^^^^^^^
  File "c:\Users\anass\Documents\GitHub\analytics-using-pandas-ai\.venv\Lib\site-packages\pandas\core\arraylike.py", line 74, in __rand__
    return self._logical_method(other, roperator.rand_)
           ^^^^^^^^^^^^^^^^^^^^^^^^^^^^^^^^^^^^^^^^^^^^
  File "c:\Users\anass\Documents\GitHub\analytics-using-pandas-ai\.venv\Lib\site-packages\pandas\core\series.py", line 6130, in _logical_method
    res_values = ops.logical_op(lvalues, rvalues, op)
                 ^^^^^^^^^^^^^^^^^^^^^^^^^^^^^^^^^^^^
  File "c:\Users\anass\Documents\GitHub\analytics-using-pandas-ai\.venv\Lib\site-packages\pandas\core\ops\array_ops.py", line 454, in logical_op
    res_values = na_logical_op(lvalues, rvalues, op)
                 ^^^^^^^^^^^^^^^^^^^^^^^^^^^^^^^^^^^
  File "c:\Users\anass\Documents\GitHub\analytics-using-pandas-ai\.venv\Lib\site-packages\pandas\core\ops\array_ops.py", line 385, in na_logical_op
    raise TypeError(
TypeError: Cannot perform 'rand_' with a dtyped [float64] array and scalar of type [bool]

2024-10-22 21:45:52 [WARNING] Failed to execute code retrying with a correction framework [retry number: 2]
2024-10-22 21:45:52 [INFO] Executing Pipeline: ErrorCorrectionPipeline
2024-10-22 21:45:52 [INFO] Executing Step 0: ErrorPromptGeneration
2024-10-22 21:45:52 [INFO] Using prompt: <dataframe>
dfs[0]:699x7
Formula,Compound,A,B,C,Tmin,Tmax
C11H24O,bromoethane,6.8407,1205.079,219.62,75,160.0
CH2O2,m-dichlorobenzene,8.1182,1138.91,232.42,27,166.0
C10H14,"2,2-dimethypropane",7.0319,1427.77,216.01,-111,287.0
</dataframe>


The user asked the following question:
### QUERY
 give me two components that i can di binary distillation with 

You generated this python code:
result = {'type': 'dataframe'}
binary_distillable = dfs[0][dfs[0]['A'] > 0 & dfs[0]['B'] > 0].head(2)
result['value'] = binary_distillable
print(result)

It fails with the following error:
Traceback (most recent call last):
  File "c:\Users\anass\Documents\GitHub\analytics-using-pandas-ai\.venv\Lib\site-packages\pandas\core\ops\array_ops.py", line 362, in na_logical_op
    result = op(x, y)
             ^^^^^^^^
  File "c:\Users\anass\Documents\GitHub\analytics-using-pandas-ai\.venv\Lib\site-packages\pandas\core\roperator.py", line 54, in rand_
    return operator.and_(right, left)
           ^^^^^^^^^^^^^^^^^^^^^^^^^^
TypeError: ufunc 'bitwise_and' not supported for the input types, and the inputs could not be safely coerced to any supported types according to the casting rule ''safe''

During handling of the above exception, another exception occurred:

Traceback (most recent call last):
  File "c:\Users\anass\Documents\GitHub\analytics-using-pandas-ai\.venv\Lib\site-packages\pandas\core\ops\array_ops.py", line 376, in na_logical_op
    result = libops.scalar_binop(x, y, op)
             ^^^^^^^^^^^^^^^^^^^^^^^^^^^^^
  File "ops.pyx", line 180, in pandas._libs.ops.scalar_binop
ValueError: Buffer dtype mismatch, expected 'Python object' but got 'double'

The above exception was the direct cause of the following exception:

Traceback (most recent call last):
  File "c:\Users\anass\Documents\GitHub\analytics-using-pandas-ai\.venv\Lib\site-packages\pandasai\pipelines\chat\code_execution.py", line 85, in execute
    result = self.execute_code(code_to_run, code_context)
             ^^^^^^^^^^^^^^^^^^^^^^^^^^^^^^^^^^^^^^^^^^^^
  File "c:\Users\anass\Documents\GitHub\analytics-using-pandas-ai\.venv\Lib\site-packages\pandasai\pipelines\chat\code_execution.py", line 171, in execute_code
    exec(code, environment)
  File "<string>", line 2, in <module>
  File "c:\Users\anass\Documents\GitHub\analytics-using-pandas-ai\.venv\Lib\site-packages\pandas\core\ops\common.py", line 76, in new_method
    return method(self, other)
           ^^^^^^^^^^^^^^^^^^^
  File "c:\Users\anass\Documents\GitHub\analytics-using-pandas-ai\.venv\Lib\site-packages\pandas\core\arraylike.py", line 74, in __rand__
    return self._logical_method(other, roperator.rand_)
           ^^^^^^^^^^^^^^^^^^^^^^^^^^^^^^^^^^^^^^^^^^^^
  File "c:\Users\anass\Documents\GitHub\analytics-using-pandas-ai\.venv\Lib\site-packages\pandas\core\series.py", line 6130, in _logical_method
    res_values = ops.logical_op(lvalues, rvalues, op)
                 ^^^^^^^^^^^^^^^^^^^^^^^^^^^^^^^^^^^^
  File "c:\Users\anass\Documents\GitHub\analytics-using-pandas-ai\.venv\Lib\site-packages\pandas\core\ops\array_ops.py", line 454, in logical_op
    res_values = na_logical_op(lvalues, rvalues, op)
                 ^^^^^^^^^^^^^^^^^^^^^^^^^^^^^^^^^^^
  File "c:\Users\anass\Documents\GitHub\analytics-using-pandas-ai\.venv\Lib\site-packages\pandas\core\ops\array_ops.py", line 385, in na_logical_op
    raise TypeError(
TypeError: Cannot perform 'rand_' with a dtyped [float64] array and scalar of type [bool]


Fix the python code above and return the new python code:
2024-10-22 21:45:52 [INFO] Executing Step 1: CodeGenerator
2024-10-22 21:45:53 [INFO] HTTP Request: POST https://api.groq.com/openai/v1/chat/completions "HTTP/1.1 200 OK"
2024-10-22 21:45:53 [INFO] Prompt used:
            
<dataframe>
dfs[0]:699x7
Formula,Compound,A,B,C,Tmin,Tmax
C11H24O,bromoethane,6.8407,1205.079,219.62,75,160.0
CH2O2,m-dichlorobenzene,8.1182,1138.91,232.42,27,166.0
C10H14,"2,2-dimethypropane",7.0319,1427.77,216.01,-111,287.0
</dataframe>


The user asked the following question:
### QUERY
 give me two components that i can di binary distillation with 

You generated this python code:
result = {'type': 'dataframe'}
binary_distillable = dfs[0][dfs[0]['A'] > 0 & dfs[0]['B'] > 0].head(2)
result['value'] = binary_distillable
print(result)

It fails with the following error:
Traceback (most recent call last):
  File "c:\Users\anass\Documents\GitHub\analytics-using-pandas-ai\.venv\Lib\site-packages\pandas\core\ops\array_ops.py", line 362, in na_logical_op
    result = op(x, y)
             ^^^^^^^^
  File "c:\Users\anass\Documents\GitHub\analytics-using-pandas-ai\.venv\Lib\site-packages\pandas\core\roperator.py", line 54, in rand_
    return operator.and_(right, left)
           ^^^^^^^^^^^^^^^^^^^^^^^^^^
TypeError: ufunc 'bitwise_and' not supported for the input types, and the inputs could not be safely coerced to any supported types according to the casting rule ''safe''

During handling of the above exception, another exception occurred:

Traceback (most recent call last):
  File "c:\Users\anass\Documents\GitHub\analytics-using-pandas-ai\.venv\Lib\site-packages\pandas\core\ops\array_ops.py", line 376, in na_logical_op
    result = libops.scalar_binop(x, y, op)
             ^^^^^^^^^^^^^^^^^^^^^^^^^^^^^
  File "ops.pyx", line 180, in pandas._libs.ops.scalar_binop
ValueError: Buffer dtype mismatch, expected 'Python object' but got 'double'

The above exception was the direct cause of the following exception:

Traceback (most recent call last):
  File "c:\Users\anass\Documents\GitHub\analytics-using-pandas-ai\.venv\Lib\site-packages\pandasai\pipelines\chat\code_execution.py", line 85, in execute
    result = self.execute_code(code_to_run, code_context)
             ^^^^^^^^^^^^^^^^^^^^^^^^^^^^^^^^^^^^^^^^^^^^
  File "c:\Users\anass\Documents\GitHub\analytics-using-pandas-ai\.venv\Lib\site-packages\pandasai\pipelines\chat\code_execution.py", line 171, in execute_code
    exec(code, environment)
  File "<string>", line 2, in <module>
  File "c:\Users\anass\Documents\GitHub\analytics-using-pandas-ai\.venv\Lib\site-packages\pandas\core\ops\common.py", line 76, in new_method
    return method(self, other)
           ^^^^^^^^^^^^^^^^^^^
  File "c:\Users\anass\Documents\GitHub\analytics-using-pandas-ai\.venv\Lib\site-packages\pandas\core\arraylike.py", line 74, in __rand__
    return self._logical_method(other, roperator.rand_)
           ^^^^^^^^^^^^^^^^^^^^^^^^^^^^^^^^^^^^^^^^^^^^
  File "c:\Users\anass\Documents\GitHub\analytics-using-pandas-ai\.venv\Lib\site-packages\pandas\core\series.py", line 6130, in _logical_method
    res_values = ops.logical_op(lvalues, rvalues, op)
                 ^^^^^^^^^^^^^^^^^^^^^^^^^^^^^^^^^^^^
  File "c:\Users\anass\Documents\GitHub\analytics-using-pandas-ai\.venv\Lib\site-packages\pandas\core\ops\array_ops.py", line 454, in logical_op
    res_values = na_logical_op(lvalues, rvalues, op)
                 ^^^^^^^^^^^^^^^^^^^^^^^^^^^^^^^^^^^
  File "c:\Users\anass\Documents\GitHub\analytics-using-pandas-ai\.venv\Lib\site-packages\pandas\core\ops\array_ops.py", line 385, in na_logical_op
    raise TypeError(
TypeError: Cannot perform 'rand_' with a dtyped [float64] array and scalar of type [bool]


Fix the python code above and return the new python code:
            
2024-10-22 21:45:53 [INFO] Code generated:
            ```
            Python
result = {'type': 'dataframe'}
binary_distillable = dfs[0][(dfs[0]['A'] > 0) & (dfs[0]['B'] > 0)].head(2)
result['value'] = binary_distillable
print(result)
            ```
            
2024-10-22 21:45:53 [INFO] Executing Step 2: CodeCleaning
2024-10-22 21:45:53 [INFO] 
Code running:
```
Python
result = {'type': 'dataframe'}
binary_distillable = dfs[0][(dfs[0]['A'] > 0) & (dfs[0]['B'] > 0)].head(2)
result['value'] = binary_distillable
print(result)
        ```
2024-10-22 21:45:53 [ERROR] Failed with error: Traceback (most recent call last):
  File "c:\Users\anass\Documents\GitHub\analytics-using-pandas-ai\.venv\Lib\site-packages\pandasai\pipelines\chat\code_execution.py", line 85, in execute
    result = self.execute_code(code_to_run, code_context)
             ^^^^^^^^^^^^^^^^^^^^^^^^^^^^^^^^^^^^^^^^^^^^
  File "c:\Users\anass\Documents\GitHub\analytics-using-pandas-ai\.venv\Lib\site-packages\pandasai\pipelines\chat\code_execution.py", line 171, in execute_code
    exec(code, environment)
  File "<string>", line 1, in <module>
NameError: name 'Python' is not defined

2024-10-22 21:45:53 [WARNING] Failed to execute code retrying with a correction framework [retry number: 3]
2024-10-22 21:45:53 [INFO] Executing Pipeline: ErrorCorrectionPipeline
2024-10-22 21:45:53 [INFO] Executing Step 0: ErrorPromptGeneration
2024-10-22 21:45:53 [INFO] Using prompt: <dataframe>
dfs[0]:699x7
Formula,Compound,A,B,C,Tmin,Tmax
C11H24O,bromoethane,6.8407,1205.079,219.62,75,160.0
CH2O2,m-dichlorobenzene,8.1182,1138.91,232.42,27,166.0
C10H14,"2,2-dimethypropane",7.0319,1427.77,216.01,-111,287.0
</dataframe>


The user asked the following question:
### QUERY
 give me two components that i can di binary distillation with 

You generated this python code:
Python
result = {'type': 'dataframe'}
binary_distillable = dfs[0][(dfs[0]['A'] > 0) & (dfs[0]['B'] > 0)].head(2)
result['value'] = binary_distillable
print(result)

It fails with the following error:
Traceback (most recent call last):
  File "c:\Users\anass\Documents\GitHub\analytics-using-pandas-ai\.venv\Lib\site-packages\pandasai\pipelines\chat\code_execution.py", line 85, in execute
    result = self.execute_code(code_to_run, code_context)
             ^^^^^^^^^^^^^^^^^^^^^^^^^^^^^^^^^^^^^^^^^^^^
  File "c:\Users\anass\Documents\GitHub\analytics-using-pandas-ai\.venv\Lib\site-packages\pandasai\pipelines\chat\code_execution.py", line 171, in execute_code
    exec(code, environment)
  File "<string>", line 1, in <module>
NameError: name 'Python' is not defined


Fix the python code above and return the new python code:
2024-10-22 21:45:53 [INFO] Executing Step 1: CodeGenerator
2024-10-22 21:45:53 [INFO] HTTP Request: POST https://api.groq.com/openai/v1/chat/completions "HTTP/1.1 200 OK"
2024-10-22 21:45:53 [INFO] Prompt used:
            
<dataframe>
dfs[0]:699x7
Formula,Compound,A,B,C,Tmin,Tmax
C11H24O,bromoethane,6.8407,1205.079,219.62,75,160.0
CH2O2,m-dichlorobenzene,8.1182,1138.91,232.42,27,166.0
C10H14,"2,2-dimethypropane",7.0319,1427.77,216.01,-111,287.0
</dataframe>


The user asked the following question:
### QUERY
 give me two components that i can di binary distillation with 

You generated this python code:
Python
result = {'type': 'dataframe'}
binary_distillable = dfs[0][(dfs[0]['A'] > 0) & (dfs[0]['B'] > 0)].head(2)
result['value'] = binary_distillable
print(result)

It fails with the following error:
Traceback (most recent call last):
  File "c:\Users\anass\Documents\GitHub\analytics-using-pandas-ai\.venv\Lib\site-packages\pandasai\pipelines\chat\code_execution.py", line 85, in execute
    result = self.execute_code(code_to_run, code_context)
             ^^^^^^^^^^^^^^^^^^^^^^^^^^^^^^^^^^^^^^^^^^^^
  File "c:\Users\anass\Documents\GitHub\analytics-using-pandas-ai\.venv\Lib\site-packages\pandasai\pipelines\chat\code_execution.py", line 171, in execute_code
    exec(code, environment)
  File "<string>", line 1, in <module>
NameError: name 'Python' is not defined


Fix the python code above and return the new python code:
            
2024-10-22 21:45:53 [INFO] Code generated:
            ```
            import pandas as pd

dfs = pd.DataFrame({
    'Formula', 'Compound', 'A', 'B', 'C', 'Tmin', 'Tmax'},
    data=[
        ['C11H24O', 'bromoethane', 6.8407, 1205.079, 219.62, 75, 160.0],
        ['CH2O2', 'm-dichlorobenzene', 8.1182, 1138.91, 232.42, 27, 166.0],
        ['C10H14', '2,2-dimethypropane', 7.0319, 1427.77, 216.01, -111, 287.0]
    ])

binary_distillable = dfs[(dfs['A'] > 0) & (dfs['B'] > 0)].head(2)
print(binary_distillable)
            ```
            
2024-10-22 21:45:53 [INFO] Executing Step 2: CodeCleaning
2024-10-22 21:45:53 [INFO] 
Code running:
```
binary_distillable = dfs[(dfs['A'] > 0) & (dfs['B'] > 0)].head(2)
print(binary_distillable)
        ```
2024-10-22 21:45:53 [ERROR] Failed with error: Traceback (most recent call last):
  File "c:\Users\anass\Documents\GitHub\analytics-using-pandas-ai\.venv\Lib\site-packages\pandasai\pipelines\chat\code_execution.py", line 85, in execute
    result = self.execute_code(code_to_run, code_context)
             ^^^^^^^^^^^^^^^^^^^^^^^^^^^^^^^^^^^^^^^^^^^^
  File "c:\Users\anass\Documents\GitHub\analytics-using-pandas-ai\.venv\Lib\site-packages\pandasai\pipelines\chat\code_execution.py", line 171, in execute_code
    exec(code, environment)
  File "<string>", line 1, in <module>
TypeError: list indices must be integers or slices, not str

2024-10-22 21:45:53 [ERROR] Pipeline failed on step 6: list indices must be integers or slices, not str
2024-10-22 21:45:59 [INFO] Question: give me two components that i can do binary distillation with 
2024-10-22 21:45:59 [INFO] Running PandasAI with langchain_groq-chat LLM...
2024-10-22 21:45:59 [INFO] Prompt ID: 35473743-e7a4-4708-8f69-7697f0f2e71a
2024-10-22 21:45:59 [INFO] Executing Pipeline: GenerateChatPipeline
2024-10-22 21:45:59 [INFO] Executing Step 0: ValidatePipelineInput
2024-10-22 21:45:59 [INFO] Executing Step 1: CacheLookup
2024-10-22 21:45:59 [INFO] Executing Step 2: PromptGeneration
2024-10-22 21:45:59 [INFO] Using prompt: <dataframe>
dfs[0]:699x7
Formula,Compound,A,B,C,Tmin,Tmax
C2H4S,1-heptadecanethiol,7.24379,1134.675,164.594,44,207.0
C9H10,p-dichlorobenzene,6.83561,1296.4,212.568,2,176.0
C3H6BR2,"3,6-dimethyloctane",6.95206,504.49,233.851,178,209.0
</dataframe>




Update this initial code:
```python
# TODO: import the required dependencies
import pandas as pd

# Write code here

# Declare result var: 
type (possible values "string", "number", "dataframe", "plot"). Examples: { "type": "string", "value": f"The highest salary is {highest_salary}." } or { "type": "number", "value": 125 } or { "type": "dataframe", "value": pd.DataFrame({...}) } or { "type": "plot", "value": "temp_chart.png" }

```



### QUERY
 give me two components that i can do binary distillation with 

Variable `dfs: list[pd.DataFrame]` is already declared.

At the end, declare "result" variable as a dictionary of type and value.

If you are asked to plot a chart, use "matplotlib" for charts, save as png.


Generate python code and return full updated code:
2024-10-22 21:45:59 [INFO] Executing Step 3: CodeGenerator
2024-10-22 21:46:00 [INFO] HTTP Request: POST https://api.groq.com/openai/v1/chat/completions "HTTP/1.1 200 OK"
2024-10-22 21:46:00 [INFO] Prompt used:
            
<dataframe>
dfs[0]:699x7
Formula,Compound,A,B,C,Tmin,Tmax
C2H4S,1-heptadecanethiol,7.24379,1134.675,164.594,44,207.0
C9H10,p-dichlorobenzene,6.83561,1296.4,212.568,2,176.0
C3H6BR2,"3,6-dimethyloctane",6.95206,504.49,233.851,178,209.0
</dataframe>




Update this initial code:
```python
# TODO: import the required dependencies
import pandas as pd

# Write code here

# Declare result var: 
type (possible values "string", "number", "dataframe", "plot"). Examples: { "type": "string", "value": f"The highest salary is {highest_salary}." } or { "type": "number", "value": 125 } or { "type": "dataframe", "value": pd.DataFrame({...}) } or { "type": "plot", "value": "temp_chart.png" }

```



### QUERY
 give me two components that i can do binary distillation with 

Variable `dfs: list[pd.DataFrame]` is already declared.

At the end, declare "result" variable as a dictionary of type and value.

If you are asked to plot a chart, use "matplotlib" for charts, save as png.


Generate python code and return full updated code:
            
2024-10-22 21:46:00 [INFO] Code generated:
            ```
            # Import the required dependencies
import pandas as pd
import matplotlib.pyplot as plt

# Load the dataframes
dfs = [pd.DataFrame({
    "Formula", "Compound", "A", "B", "C", "Tmin", "Tmax"
}, {
    "Formula": ["C2H4S", "C9H10", "C3H6BR2"],
    "Compound": ["1-heptadecanethiol", "p-dichlorobenzene", "3,6-dimethyloctane"],
    "A": [7.24379, 6.83561, 6.95206],
    "B": [1134.675, 1296.4, 504.49],
    "C": [164.594, 212.568, 233.851],
    "Tmin": [44, 2, 178],
    "Tmax": [207.0, 176.0, 209.0]
})
]

# Filter the dataframes to get two components that can be used for binary distillation
result = {"type": "dataframe", "value": dfs[0][dfs[0]["A"] < dfs[0]["B"]]}
print(result)
            ```
            
2024-10-22 21:46:00 [INFO] Executing Step 4: CachePopulation
2024-10-22 21:46:00 [INFO] Executing Step 5: CodeCleaning
2024-10-22 21:46:00 [INFO] 
Code running:
```
result = {'type': 'dataframe', 'value': dfs[0][dfs[0]['A'] < dfs[0]['B']]}
print(result)
        ```
2024-10-22 21:46:00 [INFO] Executing Step 6: CodeExecution
2024-10-22 21:46:00 [INFO] Executing Step 7: ResultValidation
2024-10-22 21:46:00 [INFO] Answer: {'type': 'dataframe', 'value':       Formula                 Compound        A         B        C  Tmin   Tmax
0     H2O_low                water_low  8.07131  1730.630  233.426     1  100.0
1    H2O_high               water_high  8.14019  1810.940  244.485    99  374.0
2        CCL4     carbon-tetrachloride  6.89410  1219.580  227.170   -20  101.0
3       CCL3F   trichlorofluoromethane  6.88430  1043.010  236.860   -33   27.0
4      CCL2F2  dichlorodifluoromethane  6.68619   782.072  235.377  -119  -30.0
..        ...                      ...      ...       ...      ...   ...    ...
694    C21H36      1-phenylpentadecane  7.11400  2067.000  122.000   216  403.0
695    C21H42  1-cyclopentylhexadecane  7.10300  2048.000  121.000   215  401.0
696    C21H42  1-cyclohexylpentadecane  7.07200  2078.000  129.000   213  404.0
697    C22H38       1-phenylhexadecane  7.14000  2095.000  114.000   227  415.0
698    C22H44   1-cyclohexylhexadecane  7.07400  2099.000  122.000   224  416.0

[699 rows x 7 columns]}
2024-10-22 21:46:00 [INFO] Executing Step 8: ResultParsing
2024-10-22 21:46:41 [INFO] Question: wich component have the biggest temperature
2024-10-22 21:46:41 [INFO] Running PandasAI with langchain_groq-chat LLM...
2024-10-22 21:46:41 [INFO] Prompt ID: 6e041539-f12f-46b8-8b6e-0337362fdb7d
2024-10-22 21:46:41 [INFO] Executing Pipeline: GenerateChatPipeline
2024-10-22 21:46:41 [INFO] Executing Step 0: ValidatePipelineInput
2024-10-22 21:46:41 [INFO] Executing Step 1: CacheLookup
2024-10-22 21:46:41 [INFO] Executing Step 2: PromptGeneration
2024-10-22 21:46:41 [INFO] Using prompt: <dataframe>
dfs[0]:699x7
Formula,Compound,A,B,C,Tmin,Tmax
C5H12S,octadecane,7.0976,1432.15,210.91,-153,415.0
C6H5I,"1,2-dibromopropane",6.80398,1180.707,214.995,52,215.0
C2H2F2,o-diethylbenzene,7.58777,1817.8,267.777,62,151.0
</dataframe>




Update this initial code:
```python
# TODO: import the required dependencies
import pandas as pd

# Write code here

# Declare result var: 
type (possible values "string", "number", "dataframe", "plot"). Examples: { "type": "string", "value": f"The highest salary is {highest_salary}." } or { "type": "number", "value": 125 } or { "type": "dataframe", "value": pd.DataFrame({...}) } or { "type": "plot", "value": "temp_chart.png" }

```



### QUERY
 wich component have the biggest temperature

Variable `dfs: list[pd.DataFrame]` is already declared.

At the end, declare "result" variable as a dictionary of type and value.

If you are asked to plot a chart, use "matplotlib" for charts, save as png.


Generate python code and return full updated code:
2024-10-22 21:46:41 [INFO] Executing Step 3: CodeGenerator
2024-10-22 21:46:42 [INFO] HTTP Request: POST https://api.groq.com/openai/v1/chat/completions "HTTP/1.1 200 OK"
2024-10-22 21:46:42 [INFO] Prompt used:
            
<dataframe>
dfs[0]:699x7
Formula,Compound,A,B,C,Tmin,Tmax
C5H12S,octadecane,7.0976,1432.15,210.91,-153,415.0
C6H5I,"1,2-dibromopropane",6.80398,1180.707,214.995,52,215.0
C2H2F2,o-diethylbenzene,7.58777,1817.8,267.777,62,151.0
</dataframe>




Update this initial code:
```python
# TODO: import the required dependencies
import pandas as pd

# Write code here

# Declare result var: 
type (possible values "string", "number", "dataframe", "plot"). Examples: { "type": "string", "value": f"The highest salary is {highest_salary}." } or { "type": "number", "value": 125 } or { "type": "dataframe", "value": pd.DataFrame({...}) } or { "type": "plot", "value": "temp_chart.png" }

```



### QUERY
 wich component have the biggest temperature

Variable `dfs: list[pd.DataFrame]` is already declared.

At the end, declare "result" variable as a dictionary of type and value.

If you are asked to plot a chart, use "matplotlib" for charts, save as png.


Generate python code and return full updated code:
            
2024-10-22 21:46:42 [INFO] Code generated:
            ```
            # TODO: import the required dependencies
import pandas as pd
import matplotlib.pyplot as plt

# Initialize the result variable
result = {}

# Loop through each dataframe in the list
for df in dfs:
    # Extract the columns for Tmin and Tmax
    Tmin = df['Tmin']
    Tmax = df['Tmax']
    
    # Calculate the temperature range for each compound
    temp_range = (Tmax - Tmin)
    
    # Identify the compound with the biggest temperature range
    max_temp_range = temp_range.max()
    max_temp_range_comp = temp_range[temp_range == max_temp_range].index[0]
    
    # Check if this is the first result
    if 'result' in result:
        result['type'] = "dataframe"
        result['value'] = df[df['Formula'] == max_temp_range_comp]
    else:
        result['type'] = "string"
        result['value'] = f"The component with the biggest temperature range is {max_temp_range_comp}."
    
    # Optional: Plot the temperature ranges
    if 'result' in result and result['type'] == "dataframe":
        plt.figure(figsize=(10,6))
        plt.xlabel('Compound')
        plt.ylabel('Temperature Range (K)')
        plt.bar(df['Formula'], temp_range)
        plt.title('Temperature Range for Each Compound')
        plt.savefig('temp_chart.png')
        result['type'] = "plot"
        result['value'] = 'temp_chart.png'
            ```
            
2024-10-22 21:46:42 [INFO] Executing Step 4: CachePopulation
2024-10-22 21:46:42 [INFO] Executing Step 5: CodeCleaning
2024-10-22 21:46:42 [INFO] Saving charts to C:\Users\anass\Documents\GitHub\analytics-using-pandas-ai\exports\charts\temp_chart.png
2024-10-22 21:46:42 [INFO] 
Code running:
```
result = {}
for df in dfs:
    Tmin = df['Tmin']
    Tmax = df['Tmax']
    temp_range = Tmax - Tmin
    max_temp_range = temp_range.max()
    max_temp_range_comp = temp_range[temp_range == max_temp_range].index[0]
    if 'result' in result:
        result['type'] = 'dataframe'
        result['value'] = df[df['Formula'] == max_temp_range_comp]
    else:
        result['type'] = 'string'
        result['value'] = f'The component with the biggest temperature range is {max_temp_range_comp}.'
    if 'result' in result and result['type'] == 'dataframe':
        plt.figure(figsize=(10, 6))
        plt.xlabel('Compound')
        plt.ylabel('Temperature Range (K)')
        plt.bar(df['Formula'], temp_range)
        plt.title('Temperature Range for Each Compound')
        plt.savefig('C:/Users/anass/Documents/GitHub/analytics-using-pandas-ai/exports/charts/temp_chart.png')
        result['type'] = 'plot'
        result['value'] = 'C:/Users/anass/Documents/GitHub/analytics-using-pandas-ai/exports/charts/temp_chart.png'
        ```
2024-10-22 21:46:42 [INFO] Executing Step 6: CodeExecution
2024-10-22 21:46:42 [INFO] Executing Step 7: ResultValidation
2024-10-22 21:46:42 [INFO] Answer: {'type': 'string', 'value': 'The component with the biggest temperature range is 1.'}
2024-10-22 21:46:42 [INFO] Executing Step 8: ResultParsing
2024-10-22 21:47:10 [INFO] Question: give a full statistical analysis to the dataframe
2024-10-22 21:47:10 [INFO] Running PandasAI with langchain_groq-chat LLM...
2024-10-22 21:47:10 [INFO] Prompt ID: e29f36ba-3c0a-4686-81df-56cf52f19686
2024-10-22 21:47:10 [INFO] Executing Pipeline: GenerateChatPipeline
2024-10-22 21:47:10 [INFO] Executing Step 0: ValidatePipelineInput
2024-10-22 21:47:10 [INFO] Executing Step 1: CacheLookup
2024-10-22 21:47:10 [INFO] Executing Step 2: PromptGeneration
2024-10-22 21:47:10 [INFO] Using prompt: <dataframe>
dfs[0]:699x7
Formula,Compound,A,B,C,Tmin,Tmax
C14H26,methyl-nonadecyl-sulfide,6.83287,1315.084,235.009,177,388.0
C2F4,ethyl-nonyl-sulfide,7.2698,405.42,211.72,24,141.0
C3H9N,1-cyclohexylundecane,7.73719,1404.7,195.848,209,277.0
</dataframe>




Update this initial code:
```python
# TODO: import the required dependencies
import pandas as pd

# Write code here

# Declare result var: 
type (possible values "string", "number", "dataframe", "plot"). Examples: { "type": "string", "value": f"The highest salary is {highest_salary}." } or { "type": "number", "value": 125 } or { "type": "dataframe", "value": pd.DataFrame({...}) } or { "type": "plot", "value": "temp_chart.png" }

```



### QUERY
 give a full statistical analysis to the dataframe

Variable `dfs: list[pd.DataFrame]` is already declared.

At the end, declare "result" variable as a dictionary of type and value.

If you are asked to plot a chart, use "matplotlib" for charts, save as png.


Generate python code and return full updated code:
2024-10-22 21:47:10 [INFO] Executing Step 3: CodeGenerator
2024-10-22 21:47:11 [INFO] HTTP Request: POST https://api.groq.com/openai/v1/chat/completions "HTTP/1.1 200 OK"
2024-10-22 21:47:11 [INFO] Prompt used:
            
<dataframe>
dfs[0]:699x7
Formula,Compound,A,B,C,Tmin,Tmax
C14H26,methyl-nonadecyl-sulfide,6.83287,1315.084,235.009,177,388.0
C2F4,ethyl-nonyl-sulfide,7.2698,405.42,211.72,24,141.0
C3H9N,1-cyclohexylundecane,7.73719,1404.7,195.848,209,277.0
</dataframe>




Update this initial code:
```python
# TODO: import the required dependencies
import pandas as pd

# Write code here

# Declare result var: 
type (possible values "string", "number", "dataframe", "plot"). Examples: { "type": "string", "value": f"The highest salary is {highest_salary}." } or { "type": "number", "value": 125 } or { "type": "dataframe", "value": pd.DataFrame({...}) } or { "type": "plot", "value": "temp_chart.png" }

```



### QUERY
 give a full statistical analysis to the dataframe

Variable `dfs: list[pd.DataFrame]` is already declared.

At the end, declare "result" variable as a dictionary of type and value.

If you are asked to plot a chart, use "matplotlib" for charts, save as png.


Generate python code and return full updated code:
            
2024-10-22 21:47:11 [INFO] Code generated:
            ```
            import pandas as pd
import matplotlib.pyplot as plt

# Load the dataframe
dfs = pd.DataFrame([
    {"Formula": "C14H26", "Compound": "methyl-nonadecyl-sulfide", "A": 6.83287, "B": 1315.084, "C": 235.009, "Tmin": 177, "Tmax": 388.0},
    {"Formula": "C2F4", "Compound": "ethyl-nonyl-sulfide", "A": 7.2698, "B": 405.42, "C": 211.72, "Tmin": 24, "Tmax": 141.0},
    {"Formula": "C3H9N", "Compound": "1-cyclohexylundecane", "A": 7.73719, "B": 1404.7, "C": 195.848, "Tmin": 209, "Tmax": 277.0}
])

# Statistical analysis
print("Summary Statistics:")
print(dfs.describe())

print("\nCorrelation Matrix:")
print(dfs.corr())

print("\nMean and Standard Deviation:")
print(dfs.mean())
print(dfs.std())

print("\nMedian and Quartiles:")
print(dfs.median())
print(dfs.quantile(0.25))
print(dfs.quantile(0.75))

# Plot the data
plt.figure(figsize=(8, 6))
sns.scatterplot(x="Tmin", y="Tmax", data=dfs)
plt.title("Temperature Range")
plt.xlabel("Tmin (C)")
plt.ylabel("Tmax (C)")
plt.savefig("temperature_range.png")

# Result variable
result = {
    "type": "dataframe",
    "value": dfs
}
            ```
            
2024-10-22 21:47:11 [INFO] Executing Step 4: CachePopulation
2024-10-22 21:47:11 [INFO] Executing Step 5: CodeCleaning
2024-10-22 21:47:11 [INFO] Saving charts to C:\Users\anass\Documents\GitHub\analytics-using-pandas-ai\exports\charts\temp_chart.png
2024-10-22 21:47:11 [INFO] 
Code running:
```
print('Summary Statistics:')
print(dfs.describe())
print("""
Correlation Matrix:""")
print(dfs.corr())
print("""
Mean and Standard Deviation:""")
print(dfs.mean())
print(dfs.std())
print("""
Median and Quartiles:""")
print(dfs.median())
print(dfs.quantile(0.25))
print(dfs.quantile(0.75))
plt.figure(figsize=(8, 6))
sns.scatterplot(x='Tmin', y='Tmax', data=dfs)
plt.title('Temperature Range')
plt.xlabel('Tmin (C)')
plt.ylabel('Tmax (C)')
plt.savefig('C:/Users/anass/Documents/GitHub/analytics-using-pandas-ai/exports/charts/temp_chart.png')
result = {'type': 'dataframe', 'value': dfs}
        ```
2024-10-22 21:47:11 [INFO] Executing Step 6: CodeExecution
2024-10-22 21:47:11 [ERROR] Failed with error: Traceback (most recent call last):
  File "c:\Users\anass\Documents\GitHub\analytics-using-pandas-ai\.venv\Lib\site-packages\pandasai\pipelines\chat\code_execution.py", line 85, in execute
    result = self.execute_code(code_to_run, code_context)
             ^^^^^^^^^^^^^^^^^^^^^^^^^^^^^^^^^^^^^^^^^^^^
  File "c:\Users\anass\Documents\GitHub\analytics-using-pandas-ai\.venv\Lib\site-packages\pandasai\pipelines\chat\code_execution.py", line 171, in execute_code
    exec(code, environment)
  File "<string>", line 2, in <module>
AttributeError: 'list' object has no attribute 'describe'

2024-10-22 21:47:11 [WARNING] Failed to execute code retrying with a correction framework [retry number: 1]
2024-10-22 21:47:11 [INFO] Executing Pipeline: ErrorCorrectionPipeline
2024-10-22 21:47:11 [INFO] Executing Step 0: ErrorPromptGeneration
2024-10-22 21:47:11 [INFO] Using prompt: <dataframe>
dfs[0]:699x7
Formula,Compound,A,B,C,Tmin,Tmax
C14H26,methyl-nonadecyl-sulfide,6.83287,1315.084,235.009,177,388.0
C2F4,ethyl-nonyl-sulfide,7.2698,405.42,211.72,24,141.0
C3H9N,1-cyclohexylundecane,7.73719,1404.7,195.848,209,277.0
</dataframe>


The user asked the following question:
### QUERY
 give a full statistical analysis to the dataframe

You generated this python code:
print('Summary Statistics:')
print(dfs.describe())
print("""
Correlation Matrix:""")
print(dfs.corr())
print("""
Mean and Standard Deviation:""")
print(dfs.mean())
print(dfs.std())
print("""
Median and Quartiles:""")
print(dfs.median())
print(dfs.quantile(0.25))
print(dfs.quantile(0.75))
plt.figure(figsize=(8, 6))
sns.scatterplot(x='Tmin', y='Tmax', data=dfs)
plt.title('Temperature Range')
plt.xlabel('Tmin (C)')
plt.ylabel('Tmax (C)')
plt.savefig('C:/Users/anass/Documents/GitHub/analytics-using-pandas-ai/exports/charts/temp_chart.png')
result = {'type': 'dataframe', 'value': dfs}

It fails with the following error:
Traceback (most recent call last):
  File "c:\Users\anass\Documents\GitHub\analytics-using-pandas-ai\.venv\Lib\site-packages\pandasai\pipelines\chat\code_execution.py", line 85, in execute
    result = self.execute_code(code_to_run, code_context)
             ^^^^^^^^^^^^^^^^^^^^^^^^^^^^^^^^^^^^^^^^^^^^
  File "c:\Users\anass\Documents\GitHub\analytics-using-pandas-ai\.venv\Lib\site-packages\pandasai\pipelines\chat\code_execution.py", line 171, in execute_code
    exec(code, environment)
  File "<string>", line 2, in <module>
AttributeError: 'list' object has no attribute 'describe'


Fix the python code above and return the new python code:
2024-10-22 21:47:11 [INFO] Executing Step 1: CodeGenerator
2024-10-22 21:47:11 [INFO] HTTP Request: POST https://api.groq.com/openai/v1/chat/completions "HTTP/1.1 200 OK"
2024-10-22 21:47:11 [INFO] Prompt used:
            
<dataframe>
dfs[0]:699x7
Formula,Compound,A,B,C,Tmin,Tmax
C14H26,methyl-nonadecyl-sulfide,6.83287,1315.084,235.009,177,388.0
C2F4,ethyl-nonyl-sulfide,7.2698,405.42,211.72,24,141.0
C3H9N,1-cyclohexylundecane,7.73719,1404.7,195.848,209,277.0
</dataframe>


The user asked the following question:
### QUERY
 give a full statistical analysis to the dataframe

You generated this python code:
print('Summary Statistics:')
print(dfs.describe())
print("""
Correlation Matrix:""")
print(dfs.corr())
print("""
Mean and Standard Deviation:""")
print(dfs.mean())
print(dfs.std())
print("""
Median and Quartiles:""")
print(dfs.median())
print(dfs.quantile(0.25))
print(dfs.quantile(0.75))
plt.figure(figsize=(8, 6))
sns.scatterplot(x='Tmin', y='Tmax', data=dfs)
plt.title('Temperature Range')
plt.xlabel('Tmin (C)')
plt.ylabel('Tmax (C)')
plt.savefig('C:/Users/anass/Documents/GitHub/analytics-using-pandas-ai/exports/charts/temp_chart.png')
result = {'type': 'dataframe', 'value': dfs}

It fails with the following error:
Traceback (most recent call last):
  File "c:\Users\anass\Documents\GitHub\analytics-using-pandas-ai\.venv\Lib\site-packages\pandasai\pipelines\chat\code_execution.py", line 85, in execute
    result = self.execute_code(code_to_run, code_context)
             ^^^^^^^^^^^^^^^^^^^^^^^^^^^^^^^^^^^^^^^^^^^^
  File "c:\Users\anass\Documents\GitHub\analytics-using-pandas-ai\.venv\Lib\site-packages\pandasai\pipelines\chat\code_execution.py", line 171, in execute_code
    exec(code, environment)
  File "<string>", line 2, in <module>
AttributeError: 'list' object has no attribute 'describe'


Fix the python code above and return the new python code:
            
2024-10-22 21:47:11 [INFO] Code generated:
            ```
            print('Summary Statistics:')
print(dfs[0].describe())
print("""
Correlation Matrix:""")
print(dfs[0].corr())
print("""
Mean and Standard Deviation:""")
print(dfs[0].mean())
print(dfs[0].std())
print("""
Median and Quartiles:""")
print(dfs[0].median())
print(dfs[0].quantile(0.25))
print(dfs[0].quantile(0.75))
plt.figure(figsize=(8, 6))
sns.scatterplot(x='Tmin', y='Tmax', data=dfs[0])
plt.title('Temperature Range')
plt.xlabel('Tmin (C)')
plt.ylabel('Tmax (C)')
plt.savefig('C:/Users/anass/Documents/GitHub/analytics-using-pandas-ai/exports/charts/temp_chart.png')
result = {'type': 'dataframe', 'value': dfs[0]}
            ```
            
2024-10-22 21:47:11 [INFO] Executing Step 2: CodeCleaning
2024-10-22 21:47:11 [INFO] Saving charts to C:\Users\anass\Documents\GitHub\analytics-using-pandas-ai\exports\charts\temp_chart.png
2024-10-22 21:47:11 [INFO] 
Code running:
```
print('Summary Statistics:')
print(dfs[0].describe())
print("""
Correlation Matrix:""")
print(dfs[0].corr())
print("""
Mean and Standard Deviation:""")
print(dfs[0].mean())
print(dfs[0].std())
print("""
Median and Quartiles:""")
print(dfs[0].median())
print(dfs[0].quantile(0.25))
print(dfs[0].quantile(0.75))
plt.figure(figsize=(8, 6))
sns.scatterplot(x='Tmin', y='Tmax', data=dfs[0])
plt.title('Temperature Range')
plt.xlabel('Tmin (C)')
plt.ylabel('Tmax (C)')
plt.savefig('C:/Users/anass/Documents/GitHub/analytics-using-pandas-ai/exports/charts/temp_chart.png')
result = {'type': 'dataframe', 'value': dfs[0]}
        ```
2024-10-22 21:47:12 [ERROR] Failed with error: Traceback (most recent call last):
  File "c:\Users\anass\Documents\GitHub\analytics-using-pandas-ai\.venv\Lib\site-packages\pandasai\pipelines\chat\code_execution.py", line 85, in execute
    result = self.execute_code(code_to_run, code_context)
             ^^^^^^^^^^^^^^^^^^^^^^^^^^^^^^^^^^^^^^^^^^^^
  File "c:\Users\anass\Documents\GitHub\analytics-using-pandas-ai\.venv\Lib\site-packages\pandasai\pipelines\chat\code_execution.py", line 171, in execute_code
    exec(code, environment)
  File "<string>", line 5, in <module>
  File "c:\Users\anass\Documents\GitHub\analytics-using-pandas-ai\.venv\Lib\site-packages\pandas\core\frame.py", line 11049, in corr
    mat = data.to_numpy(dtype=float, na_value=np.nan, copy=False)
          ^^^^^^^^^^^^^^^^^^^^^^^^^^^^^^^^^^^^^^^^^^^^^^^^^^^^^^^
  File "c:\Users\anass\Documents\GitHub\analytics-using-pandas-ai\.venv\Lib\site-packages\pandas\core\frame.py", line 1993, in to_numpy
    result = self._mgr.as_array(dtype=dtype, copy=copy, na_value=na_value)
             ^^^^^^^^^^^^^^^^^^^^^^^^^^^^^^^^^^^^^^^^^^^^^^^^^^^^^^^^^^^^^
  File "c:\Users\anass\Documents\GitHub\analytics-using-pandas-ai\.venv\Lib\site-packages\pandas\core\internals\managers.py", line 1694, in as_array
    arr = self._interleave(dtype=dtype, na_value=na_value)
          ^^^^^^^^^^^^^^^^^^^^^^^^^^^^^^^^^^^^^^^^^^^^^^^^
  File "c:\Users\anass\Documents\GitHub\analytics-using-pandas-ai\.venv\Lib\site-packages\pandas\core\internals\managers.py", line 1753, in _interleave
    result[rl.indexer] = arr
    ~~~~~~^^^^^^^^^^^^
ValueError: could not convert string to float: 'H2O_low'

2024-10-22 21:47:12 [WARNING] Failed to execute code retrying with a correction framework [retry number: 2]
2024-10-22 21:47:12 [INFO] Executing Pipeline: ErrorCorrectionPipeline
2024-10-22 21:47:12 [INFO] Executing Step 0: ErrorPromptGeneration
2024-10-22 21:47:12 [INFO] Using prompt: <dataframe>
dfs[0]:699x7
Formula,Compound,A,B,C,Tmin,Tmax
C14H26,methyl-nonadecyl-sulfide,6.83287,1315.084,235.009,177,388.0
C2F4,ethyl-nonyl-sulfide,7.2698,405.42,211.72,24,141.0
C3H9N,1-cyclohexylundecane,7.73719,1404.7,195.848,209,277.0
</dataframe>


The user asked the following question:
### QUERY
 give a full statistical analysis to the dataframe

You generated this python code:
print('Summary Statistics:')
print(dfs[0].describe())
print("""
Correlation Matrix:""")
print(dfs[0].corr())
print("""
Mean and Standard Deviation:""")
print(dfs[0].mean())
print(dfs[0].std())
print("""
Median and Quartiles:""")
print(dfs[0].median())
print(dfs[0].quantile(0.25))
print(dfs[0].quantile(0.75))
plt.figure(figsize=(8, 6))
sns.scatterplot(x='Tmin', y='Tmax', data=dfs[0])
plt.title('Temperature Range')
plt.xlabel('Tmin (C)')
plt.ylabel('Tmax (C)')
plt.savefig('C:/Users/anass/Documents/GitHub/analytics-using-pandas-ai/exports/charts/temp_chart.png')
result = {'type': 'dataframe', 'value': dfs[0]}

It fails with the following error:
Traceback (most recent call last):
  File "c:\Users\anass\Documents\GitHub\analytics-using-pandas-ai\.venv\Lib\site-packages\pandasai\pipelines\chat\code_execution.py", line 85, in execute
    result = self.execute_code(code_to_run, code_context)
             ^^^^^^^^^^^^^^^^^^^^^^^^^^^^^^^^^^^^^^^^^^^^
  File "c:\Users\anass\Documents\GitHub\analytics-using-pandas-ai\.venv\Lib\site-packages\pandasai\pipelines\chat\code_execution.py", line 171, in execute_code
    exec(code, environment)
  File "<string>", line 5, in <module>
  File "c:\Users\anass\Documents\GitHub\analytics-using-pandas-ai\.venv\Lib\site-packages\pandas\core\frame.py", line 11049, in corr
    mat = data.to_numpy(dtype=float, na_value=np.nan, copy=False)
          ^^^^^^^^^^^^^^^^^^^^^^^^^^^^^^^^^^^^^^^^^^^^^^^^^^^^^^^
  File "c:\Users\anass\Documents\GitHub\analytics-using-pandas-ai\.venv\Lib\site-packages\pandas\core\frame.py", line 1993, in to_numpy
    result = self._mgr.as_array(dtype=dtype, copy=copy, na_value=na_value)
             ^^^^^^^^^^^^^^^^^^^^^^^^^^^^^^^^^^^^^^^^^^^^^^^^^^^^^^^^^^^^^
  File "c:\Users\anass\Documents\GitHub\analytics-using-pandas-ai\.venv\Lib\site-packages\pandas\core\internals\managers.py", line 1694, in as_array
    arr = self._interleave(dtype=dtype, na_value=na_value)
          ^^^^^^^^^^^^^^^^^^^^^^^^^^^^^^^^^^^^^^^^^^^^^^^^
  File "c:\Users\anass\Documents\GitHub\analytics-using-pandas-ai\.venv\Lib\site-packages\pandas\core\internals\managers.py", line 1753, in _interleave
    result[rl.indexer] = arr
    ~~~~~~^^^^^^^^^^^^
ValueError: could not convert string to float: 'H2O_low'


Fix the python code above and return the new python code:
2024-10-22 21:47:12 [INFO] Executing Step 1: CodeGenerator
2024-10-22 21:47:12 [INFO] HTTP Request: POST https://api.groq.com/openai/v1/chat/completions "HTTP/1.1 200 OK"
2024-10-22 21:47:12 [INFO] Prompt used:
            
<dataframe>
dfs[0]:699x7
Formula,Compound,A,B,C,Tmin,Tmax
C14H26,methyl-nonadecyl-sulfide,6.83287,1315.084,235.009,177,388.0
C2F4,ethyl-nonyl-sulfide,7.2698,405.42,211.72,24,141.0
C3H9N,1-cyclohexylundecane,7.73719,1404.7,195.848,209,277.0
</dataframe>


The user asked the following question:
### QUERY
 give a full statistical analysis to the dataframe

You generated this python code:
print('Summary Statistics:')
print(dfs[0].describe())
print("""
Correlation Matrix:""")
print(dfs[0].corr())
print("""
Mean and Standard Deviation:""")
print(dfs[0].mean())
print(dfs[0].std())
print("""
Median and Quartiles:""")
print(dfs[0].median())
print(dfs[0].quantile(0.25))
print(dfs[0].quantile(0.75))
plt.figure(figsize=(8, 6))
sns.scatterplot(x='Tmin', y='Tmax', data=dfs[0])
plt.title('Temperature Range')
plt.xlabel('Tmin (C)')
plt.ylabel('Tmax (C)')
plt.savefig('C:/Users/anass/Documents/GitHub/analytics-using-pandas-ai/exports/charts/temp_chart.png')
result = {'type': 'dataframe', 'value': dfs[0]}

It fails with the following error:
Traceback (most recent call last):
  File "c:\Users\anass\Documents\GitHub\analytics-using-pandas-ai\.venv\Lib\site-packages\pandasai\pipelines\chat\code_execution.py", line 85, in execute
    result = self.execute_code(code_to_run, code_context)
             ^^^^^^^^^^^^^^^^^^^^^^^^^^^^^^^^^^^^^^^^^^^^
  File "c:\Users\anass\Documents\GitHub\analytics-using-pandas-ai\.venv\Lib\site-packages\pandasai\pipelines\chat\code_execution.py", line 171, in execute_code
    exec(code, environment)
  File "<string>", line 5, in <module>
  File "c:\Users\anass\Documents\GitHub\analytics-using-pandas-ai\.venv\Lib\site-packages\pandas\core\frame.py", line 11049, in corr
    mat = data.to_numpy(dtype=float, na_value=np.nan, copy=False)
          ^^^^^^^^^^^^^^^^^^^^^^^^^^^^^^^^^^^^^^^^^^^^^^^^^^^^^^^
  File "c:\Users\anass\Documents\GitHub\analytics-using-pandas-ai\.venv\Lib\site-packages\pandas\core\frame.py", line 1993, in to_numpy
    result = self._mgr.as_array(dtype=dtype, copy=copy, na_value=na_value)
             ^^^^^^^^^^^^^^^^^^^^^^^^^^^^^^^^^^^^^^^^^^^^^^^^^^^^^^^^^^^^^
  File "c:\Users\anass\Documents\GitHub\analytics-using-pandas-ai\.venv\Lib\site-packages\pandas\core\internals\managers.py", line 1694, in as_array
    arr = self._interleave(dtype=dtype, na_value=na_value)
          ^^^^^^^^^^^^^^^^^^^^^^^^^^^^^^^^^^^^^^^^^^^^^^^^
  File "c:\Users\anass\Documents\GitHub\analytics-using-pandas-ai\.venv\Lib\site-packages\pandas\core\internals\managers.py", line 1753, in _interleave
    result[rl.indexer] = arr
    ~~~~~~^^^^^^^^^^^^
ValueError: could not convert string to float: 'H2O_low'


Fix the python code above and return the new python code:
            
2024-10-22 21:47:12 [INFO] Code generated:
            ```
            Python
import pandas as pd
import seaborn as sns
import matplotlib.pyplot as plt

dfs = pd.DataFrame({
    'Formula', 'Compound', 'A', 'B', 'C', 'Tmin', 'Tmax'
}, data=[
    ['C14H26', 'methyl-nonadecyl-sulfide', 6.83287, 1315.084, 235.009, 177, 388.0],
    ['C2F4', 'ethyl-nonyl-sulfide', 7.2698, 405.42, 211.72, 24, 141.0],
    ['C3H9N', '1-cyclohexylundecane', 7.73719, 1404.7, 195.848, 209, 277.0]
])

print('Summary Statistics:')
print(dfs.describe())
print("""
Correlation Matrix:""")
print(dfs.corr())
print("""
Mean and Standard Deviation:""")
print(dfs.mean())
print(dfs.std())
print("""
Median and Quartiles:""")
print(dfs.median())
print(dfs.quantile(0.25))
print(dfs.quantile(0.75))

plt.figure(figsize=(8, 6))
sns.scatterplot(x='Tmin', y='Tmax', data=dfs)
plt.title('Temperature Range')
plt.xlabel('Tmin (C)')
plt.ylabel('Tmax (C)')
plt.savefig('C:/Users/anass/Documents/GitHub/analytics-using-pandas-ai/exports/charts/temp_chart.png')

result = {'type': 'dataframe', 'value': dfs}
            ```
            
2024-10-22 21:47:12 [INFO] Executing Step 2: CodeCleaning
2024-10-22 21:47:12 [INFO] Saving charts to C:\Users\anass\Documents\GitHub\analytics-using-pandas-ai\exports\charts\temp_chart.png
2024-10-22 21:47:12 [INFO] 
Code running:
```
Python
print('Summary Statistics:')
print(dfs.describe())
print("""
Correlation Matrix:""")
print(dfs.corr())
print("""
Mean and Standard Deviation:""")
print(dfs.mean())
print(dfs.std())
print("""
Median and Quartiles:""")
print(dfs.median())
print(dfs.quantile(0.25))
print(dfs.quantile(0.75))
plt.figure(figsize=(8, 6))
sns.scatterplot(x='Tmin', y='Tmax', data=dfs)
plt.title('Temperature Range')
plt.xlabel('Tmin (C)')
plt.ylabel('Tmax (C)')
plt.savefig('C:/Users/anass/Documents/GitHub/analytics-using-pandas-ai/exports/charts/temp_chart.png')
result = {'type': 'dataframe', 'value': dfs}
        ```
2024-10-22 21:47:12 [ERROR] Failed with error: Traceback (most recent call last):
  File "c:\Users\anass\Documents\GitHub\analytics-using-pandas-ai\.venv\Lib\site-packages\pandasai\pipelines\chat\code_execution.py", line 85, in execute
    result = self.execute_code(code_to_run, code_context)
             ^^^^^^^^^^^^^^^^^^^^^^^^^^^^^^^^^^^^^^^^^^^^
  File "c:\Users\anass\Documents\GitHub\analytics-using-pandas-ai\.venv\Lib\site-packages\pandasai\pipelines\chat\code_execution.py", line 171, in execute_code
    exec(code, environment)
  File "<string>", line 1, in <module>
NameError: name 'Python' is not defined

2024-10-22 21:47:12 [WARNING] Failed to execute code retrying with a correction framework [retry number: 3]
2024-10-22 21:47:12 [INFO] Executing Pipeline: ErrorCorrectionPipeline
2024-10-22 21:47:12 [INFO] Executing Step 0: ErrorPromptGeneration
2024-10-22 21:47:12 [INFO] Using prompt: <dataframe>
dfs[0]:699x7
Formula,Compound,A,B,C,Tmin,Tmax
C14H26,methyl-nonadecyl-sulfide,6.83287,1315.084,235.009,177,388.0
C2F4,ethyl-nonyl-sulfide,7.2698,405.42,211.72,24,141.0
C3H9N,1-cyclohexylundecane,7.73719,1404.7,195.848,209,277.0
</dataframe>


The user asked the following question:
### QUERY
 give a full statistical analysis to the dataframe

You generated this python code:
Python
print('Summary Statistics:')
print(dfs.describe())
print("""
Correlation Matrix:""")
print(dfs.corr())
print("""
Mean and Standard Deviation:""")
print(dfs.mean())
print(dfs.std())
print("""
Median and Quartiles:""")
print(dfs.median())
print(dfs.quantile(0.25))
print(dfs.quantile(0.75))
plt.figure(figsize=(8, 6))
sns.scatterplot(x='Tmin', y='Tmax', data=dfs)
plt.title('Temperature Range')
plt.xlabel('Tmin (C)')
plt.ylabel('Tmax (C)')
plt.savefig('C:/Users/anass/Documents/GitHub/analytics-using-pandas-ai/exports/charts/temp_chart.png')
result = {'type': 'dataframe', 'value': dfs}

It fails with the following error:
Traceback (most recent call last):
  File "c:\Users\anass\Documents\GitHub\analytics-using-pandas-ai\.venv\Lib\site-packages\pandasai\pipelines\chat\code_execution.py", line 85, in execute
    result = self.execute_code(code_to_run, code_context)
             ^^^^^^^^^^^^^^^^^^^^^^^^^^^^^^^^^^^^^^^^^^^^
  File "c:\Users\anass\Documents\GitHub\analytics-using-pandas-ai\.venv\Lib\site-packages\pandasai\pipelines\chat\code_execution.py", line 171, in execute_code
    exec(code, environment)
  File "<string>", line 1, in <module>
NameError: name 'Python' is not defined


Fix the python code above and return the new python code:
2024-10-22 21:47:12 [INFO] Executing Step 1: CodeGenerator
2024-10-22 21:47:13 [INFO] HTTP Request: POST https://api.groq.com/openai/v1/chat/completions "HTTP/1.1 200 OK"
2024-10-22 21:47:13 [INFO] Prompt used:
            
<dataframe>
dfs[0]:699x7
Formula,Compound,A,B,C,Tmin,Tmax
C14H26,methyl-nonadecyl-sulfide,6.83287,1315.084,235.009,177,388.0
C2F4,ethyl-nonyl-sulfide,7.2698,405.42,211.72,24,141.0
C3H9N,1-cyclohexylundecane,7.73719,1404.7,195.848,209,277.0
</dataframe>


The user asked the following question:
### QUERY
 give a full statistical analysis to the dataframe

You generated this python code:
Python
print('Summary Statistics:')
print(dfs.describe())
print("""
Correlation Matrix:""")
print(dfs.corr())
print("""
Mean and Standard Deviation:""")
print(dfs.mean())
print(dfs.std())
print("""
Median and Quartiles:""")
print(dfs.median())
print(dfs.quantile(0.25))
print(dfs.quantile(0.75))
plt.figure(figsize=(8, 6))
sns.scatterplot(x='Tmin', y='Tmax', data=dfs)
plt.title('Temperature Range')
plt.xlabel('Tmin (C)')
plt.ylabel('Tmax (C)')
plt.savefig('C:/Users/anass/Documents/GitHub/analytics-using-pandas-ai/exports/charts/temp_chart.png')
result = {'type': 'dataframe', 'value': dfs}

It fails with the following error:
Traceback (most recent call last):
  File "c:\Users\anass\Documents\GitHub\analytics-using-pandas-ai\.venv\Lib\site-packages\pandasai\pipelines\chat\code_execution.py", line 85, in execute
    result = self.execute_code(code_to_run, code_context)
             ^^^^^^^^^^^^^^^^^^^^^^^^^^^^^^^^^^^^^^^^^^^^
  File "c:\Users\anass\Documents\GitHub\analytics-using-pandas-ai\.venv\Lib\site-packages\pandasai\pipelines\chat\code_execution.py", line 171, in execute_code
    exec(code, environment)
  File "<string>", line 1, in <module>
NameError: name 'Python' is not defined


Fix the python code above and return the new python code:
            
2024-10-22 21:47:13 [INFO] Code generated:
            ```
            Python
print('Summary Statistics:')
print(dfs.describe())
print("Correlation Matrix:")
print(dfs.corr())
print("Mean and Standard Deviation:")
print(dfs.mean())
print(dfs.std())
print("Median and Quartiles:")
print(dfs.median())
print(dfs.quantile(0.25))
print(dfs.quantile(0.75))

plt.figure(figsize=(8, 6))
sns.scatterplot(x='Tmin', y='Tmax', data=dfs)
plt.title('Temperature Range')
plt.xlabel('Tmin (C)')
plt.ylabel('Tmax (C)')
plt.savefig('C:/Users/anass/Documents/GitHub/analytics-using-pandas-ai/exports/charts/temp_chart.png')

result = {'type': 'dataframe', 'value': dfs}
            ```
            
2024-10-22 21:47:13 [INFO] Executing Step 2: CodeCleaning
2024-10-22 21:47:13 [INFO] Saving charts to C:\Users\anass\Documents\GitHub\analytics-using-pandas-ai\exports\charts\temp_chart.png
2024-10-22 21:47:13 [INFO] 
Code running:
```
Python
print('Summary Statistics:')
print(dfs.describe())
print('Correlation Matrix:')
print(dfs.corr())
print('Mean and Standard Deviation:')
print(dfs.mean())
print(dfs.std())
print('Median and Quartiles:')
print(dfs.median())
print(dfs.quantile(0.25))
print(dfs.quantile(0.75))
plt.figure(figsize=(8, 6))
sns.scatterplot(x='Tmin', y='Tmax', data=dfs)
plt.title('Temperature Range')
plt.xlabel('Tmin (C)')
plt.ylabel('Tmax (C)')
plt.savefig('C:/Users/anass/Documents/GitHub/analytics-using-pandas-ai/exports/charts/temp_chart.png')
result = {'type': 'dataframe', 'value': dfs}
        ```
2024-10-22 21:47:13 [ERROR] Failed with error: Traceback (most recent call last):
  File "c:\Users\anass\Documents\GitHub\analytics-using-pandas-ai\.venv\Lib\site-packages\pandasai\pipelines\chat\code_execution.py", line 85, in execute
    result = self.execute_code(code_to_run, code_context)
             ^^^^^^^^^^^^^^^^^^^^^^^^^^^^^^^^^^^^^^^^^^^^
  File "c:\Users\anass\Documents\GitHub\analytics-using-pandas-ai\.venv\Lib\site-packages\pandasai\pipelines\chat\code_execution.py", line 171, in execute_code
    exec(code, environment)
  File "<string>", line 1, in <module>
NameError: name 'Python' is not defined

2024-10-22 21:47:13 [ERROR] Pipeline failed on step 6: name 'Python' is not defined
2024-10-22 21:47:32 [INFO] Question: give a full statistical study to the data
2024-10-22 21:47:32 [INFO] Running PandasAI with langchain_groq-chat LLM...
2024-10-22 21:47:32 [INFO] Prompt ID: 445ca173-bcdf-4b60-8f47-a50febb8c256
2024-10-22 21:47:32 [INFO] Executing Pipeline: GenerateChatPipeline
2024-10-22 21:47:32 [INFO] Executing Step 0: ValidatePipelineInput
2024-10-22 21:47:32 [INFO] Executing Step 1: CacheLookup
2024-10-22 21:47:32 [INFO] Executing Step 2: PromptGeneration
2024-10-22 21:47:32 [INFO] Using prompt: <dataframe>
dfs[0]:699x7
Formula,Compound,A,B,C,Tmin,Tmax
C15H18,hexylbenzene,7.07566,1040.73,204.7,46,375.0
C3H6CL2,ethyl-propyl-sulfide,6.91845,1437.78,236.261,-20,189.0
C2CLF5,"2,2-dimethylbutane",6.92367,1448.8,221.946,113,-7.0
</dataframe>




Update this initial code:
```python
# TODO: import the required dependencies
import pandas as pd

# Write code here

# Declare result var: 
type (possible values "string", "number", "dataframe", "plot"). Examples: { "type": "string", "value": f"The highest salary is {highest_salary}." } or { "type": "number", "value": 125 } or { "type": "dataframe", "value": pd.DataFrame({...}) } or { "type": "plot", "value": "temp_chart.png" }

```



### QUERY
 give a full statistical study to the data

Variable `dfs: list[pd.DataFrame]` is already declared.

At the end, declare "result" variable as a dictionary of type and value.

If you are asked to plot a chart, use "matplotlib" for charts, save as png.


Generate python code and return full updated code:
2024-10-22 21:47:32 [INFO] Executing Step 3: CodeGenerator
2024-10-22 21:47:33 [INFO] HTTP Request: POST https://api.groq.com/openai/v1/chat/completions "HTTP/1.1 200 OK"
2024-10-22 21:47:33 [INFO] Prompt used:
            
<dataframe>
dfs[0]:699x7
Formula,Compound,A,B,C,Tmin,Tmax
C15H18,hexylbenzene,7.07566,1040.73,204.7,46,375.0
C3H6CL2,ethyl-propyl-sulfide,6.91845,1437.78,236.261,-20,189.0
C2CLF5,"2,2-dimethylbutane",6.92367,1448.8,221.946,113,-7.0
</dataframe>




Update this initial code:
```python
# TODO: import the required dependencies
import pandas as pd

# Write code here

# Declare result var: 
type (possible values "string", "number", "dataframe", "plot"). Examples: { "type": "string", "value": f"The highest salary is {highest_salary}." } or { "type": "number", "value": 125 } or { "type": "dataframe", "value": pd.DataFrame({...}) } or { "type": "plot", "value": "temp_chart.png" }

```



### QUERY
 give a full statistical study to the data

Variable `dfs: list[pd.DataFrame]` is already declared.

At the end, declare "result" variable as a dictionary of type and value.

If you are asked to plot a chart, use "matplotlib" for charts, save as png.


Generate python code and return full updated code:
            
2024-10-22 21:47:33 [INFO] Code generated:
            ```
            import pandas as pd
import numpy as np
import matplotlib.pyplot as plt

# Assume dfs is already declared as a list of DataFrames

# Step 1: Concatenate all DataFrames into one
df = pd.concat(dfs, ignore_index=True)

# Step 2: Calculate summary statistics
summary_stats = df.describe()

# Step 3: Calculate correlations between columns
corr_matrix = df.corr()

# Step 4: Plot histograms for each column
fig, axs = plt.subplots(1, 7, figsize=(15, 4))
for i, col in enumerate(df.columns):
    axs[i].hist(df[col], bins=20)
    axs[i].set_title(f"Histogram of {col}")
plt.show()

# Step 5: Calculate and plot boxplots for each column
fig, axs = plt.subplots(1, 7, figsize=(15, 4))
for i, col in enumerate(df.columns):
    axs[i].boxplot(df[col])
    axs[i].set_title(f"Boxplot of {col}")
plt.show()

# Step 6: Calculate and plot scatter plots for each pair of columns
for i in range(len(df.columns)):
    for j in range(i+1, len(df.columns)):
        col1 = df.columns[i]
        col2 = df.columns[j]
        plt.scatter(df[col1], df[col2])
        plt.xlabel(col1)
        plt.ylabel(col2)
        plt.title(f"Scatter plot of {col1} vs {col2}")
        plt.savefig(f"{col1}_{col2}.png")
        plt.close()

# Step 7: Calculate and plot mean and standard deviation for each column
fig, axs = plt.subplots(1, 2, figsize=(10, 4))
axs[0].bar(df.columns, df.mean())
axs[0].set_title("Mean of each column")
axs[1].bar(df.columns, df.std())
axs[1].set_title("Standard deviation of each column")
plt.show()

# Step 8: Calculate and plot correlations heatmap
plt.imshow(corr_matrix, cmap='coolwarm', interpolation='nearest')
plt.title("Correlation heatmap")
plt.colorbar()
plt.show()

# Step 9: Calculate and plot summary statistics for each column
fig, axs = plt.subplots(1, 2, figsize=(10, 4))
axs[0].bar(df.columns, summary_stats.iloc[1, :])  # mean
axs[0].set_title("Mean of each column")
axs[1].bar(df.columns, summary_stats.iloc[2, :])  # std
axs[1].set_title("Standard deviation of each column")
plt.show()

# Step 10: Declare result variable
result = {
    "type": "dataframe",
    "value": df
}

# Additional results can be added here
            ```
            
2024-10-22 21:47:33 [INFO] Executing Step 4: CachePopulation
2024-10-22 21:47:33 [INFO] Executing Step 5: CodeCleaning
2024-10-22 21:47:33 [INFO] Saving charts to C:\Users\anass\Documents\GitHub\analytics-using-pandas-ai\exports\charts\temp_chart.png
2024-10-22 21:47:33 [INFO] 
Code running:
```
df = pd.concat(dfs, ignore_index=True)
summary_stats = df.describe()
corr_matrix = df.corr()
fig, axs = plt.subplots(1, 7, figsize=(15, 4))
for i, col in enumerate(df.columns):
    axs[i].hist(df[col], bins=20)
    axs[i].set_title(f'Histogram of {col}')
plt.show()
fig, axs = plt.subplots(1, 7, figsize=(15, 4))
for i, col in enumerate(df.columns):
    axs[i].boxplot(df[col])
    axs[i].set_title(f'Boxplot of {col}')
plt.show()
for i in range(len(df.columns)):
    for j in range(i + 1, len(df.columns)):
        col1 = df.columns[i]
        col2 = df.columns[j]
        plt.scatter(df[col1], df[col2])
        plt.xlabel(col1)
        plt.ylabel(col2)
        plt.title(f'Scatter plot of {col1} vs {col2}')
        plt.savefig(f'C:/Users/anass/Documents/GitHub/analytics-using-pandas-ai/exports/charts/temp_chart.png')
        plt.close()
fig, axs = plt.subplots(1, 2, figsize=(10, 4))
axs[0].bar(df.columns, df.mean())
axs[0].set_title('Mean of each column')
axs[1].bar(df.columns, df.std())
axs[1].set_title('Standard deviation of each column')
plt.show()
plt.imshow(corr_matrix, cmap='coolwarm', interpolation='nearest')
plt.title('Correlation heatmap')
plt.colorbar()
plt.show()
fig, axs = plt.subplots(1, 2, figsize=(10, 4))
axs[0].bar(df.columns, summary_stats.iloc[1, :])
axs[0].set_title('Mean of each column')
axs[1].bar(df.columns, summary_stats.iloc[2, :])
axs[1].set_title('Standard deviation of each column')
plt.show()
result = {'type': 'dataframe', 'value': df}
        ```
2024-10-22 21:47:33 [INFO] Executing Step 6: CodeExecution
2024-10-22 21:47:33 [ERROR] Failed with error: Traceback (most recent call last):
  File "c:\Users\anass\Documents\GitHub\analytics-using-pandas-ai\.venv\Lib\site-packages\pandasai\pipelines\chat\code_execution.py", line 85, in execute
    result = self.execute_code(code_to_run, code_context)
             ^^^^^^^^^^^^^^^^^^^^^^^^^^^^^^^^^^^^^^^^^^^^
  File "c:\Users\anass\Documents\GitHub\analytics-using-pandas-ai\.venv\Lib\site-packages\pandasai\pipelines\chat\code_execution.py", line 171, in execute_code
    exec(code, environment)
  File "<string>", line 3, in <module>
  File "c:\Users\anass\Documents\GitHub\analytics-using-pandas-ai\.venv\Lib\site-packages\pandas\core\frame.py", line 11049, in corr
    mat = data.to_numpy(dtype=float, na_value=np.nan, copy=False)
          ^^^^^^^^^^^^^^^^^^^^^^^^^^^^^^^^^^^^^^^^^^^^^^^^^^^^^^^
  File "c:\Users\anass\Documents\GitHub\analytics-using-pandas-ai\.venv\Lib\site-packages\pandas\core\frame.py", line 1993, in to_numpy
    result = self._mgr.as_array(dtype=dtype, copy=copy, na_value=na_value)
             ^^^^^^^^^^^^^^^^^^^^^^^^^^^^^^^^^^^^^^^^^^^^^^^^^^^^^^^^^^^^^
  File "c:\Users\anass\Documents\GitHub\analytics-using-pandas-ai\.venv\Lib\site-packages\pandas\core\internals\managers.py", line 1694, in as_array
    arr = self._interleave(dtype=dtype, na_value=na_value)
          ^^^^^^^^^^^^^^^^^^^^^^^^^^^^^^^^^^^^^^^^^^^^^^^^
  File "c:\Users\anass\Documents\GitHub\analytics-using-pandas-ai\.venv\Lib\site-packages\pandas\core\internals\managers.py", line 1753, in _interleave
    result[rl.indexer] = arr
    ~~~~~~^^^^^^^^^^^^
ValueError: could not convert string to float: 'H2O_low'

2024-10-22 21:47:33 [WARNING] Failed to execute code retrying with a correction framework [retry number: 1]
2024-10-22 21:47:33 [INFO] Executing Pipeline: ErrorCorrectionPipeline
2024-10-22 21:47:33 [INFO] Executing Step 0: ErrorPromptGeneration
2024-10-22 21:47:33 [INFO] Using prompt: <dataframe>
dfs[0]:699x7
Formula,Compound,A,B,C,Tmin,Tmax
C15H18,hexylbenzene,7.07566,1040.73,204.7,46,375.0
C3H6CL2,ethyl-propyl-sulfide,6.91845,1437.78,236.261,-20,189.0
C2CLF5,"2,2-dimethylbutane",6.92367,1448.8,221.946,113,-7.0
</dataframe>


The user asked the following question:
### QUERY
 give a full statistical study to the data

You generated this python code:
df = pd.concat(dfs, ignore_index=True)
summary_stats = df.describe()
corr_matrix = df.corr()
fig, axs = plt.subplots(1, 7, figsize=(15, 4))
for i, col in enumerate(df.columns):
    axs[i].hist(df[col], bins=20)
    axs[i].set_title(f'Histogram of {col}')
plt.show()
fig, axs = plt.subplots(1, 7, figsize=(15, 4))
for i, col in enumerate(df.columns):
    axs[i].boxplot(df[col])
    axs[i].set_title(f'Boxplot of {col}')
plt.show()
for i in range(len(df.columns)):
    for j in range(i + 1, len(df.columns)):
        col1 = df.columns[i]
        col2 = df.columns[j]
        plt.scatter(df[col1], df[col2])
        plt.xlabel(col1)
        plt.ylabel(col2)
        plt.title(f'Scatter plot of {col1} vs {col2}')
        plt.savefig(f'C:/Users/anass/Documents/GitHub/analytics-using-pandas-ai/exports/charts/temp_chart.png')
        plt.close()
fig, axs = plt.subplots(1, 2, figsize=(10, 4))
axs[0].bar(df.columns, df.mean())
axs[0].set_title('Mean of each column')
axs[1].bar(df.columns, df.std())
axs[1].set_title('Standard deviation of each column')
plt.show()
plt.imshow(corr_matrix, cmap='coolwarm', interpolation='nearest')
plt.title('Correlation heatmap')
plt.colorbar()
plt.show()
fig, axs = plt.subplots(1, 2, figsize=(10, 4))
axs[0].bar(df.columns, summary_stats.iloc[1, :])
axs[0].set_title('Mean of each column')
axs[1].bar(df.columns, summary_stats.iloc[2, :])
axs[1].set_title('Standard deviation of each column')
plt.show()
result = {'type': 'dataframe', 'value': df}

It fails with the following error:
Traceback (most recent call last):
  File "c:\Users\anass\Documents\GitHub\analytics-using-pandas-ai\.venv\Lib\site-packages\pandasai\pipelines\chat\code_execution.py", line 85, in execute
    result = self.execute_code(code_to_run, code_context)
             ^^^^^^^^^^^^^^^^^^^^^^^^^^^^^^^^^^^^^^^^^^^^
  File "c:\Users\anass\Documents\GitHub\analytics-using-pandas-ai\.venv\Lib\site-packages\pandasai\pipelines\chat\code_execution.py", line 171, in execute_code
    exec(code, environment)
  File "<string>", line 3, in <module>
  File "c:\Users\anass\Documents\GitHub\analytics-using-pandas-ai\.venv\Lib\site-packages\pandas\core\frame.py", line 11049, in corr
    mat = data.to_numpy(dtype=float, na_value=np.nan, copy=False)
          ^^^^^^^^^^^^^^^^^^^^^^^^^^^^^^^^^^^^^^^^^^^^^^^^^^^^^^^
  File "c:\Users\anass\Documents\GitHub\analytics-using-pandas-ai\.venv\Lib\site-packages\pandas\core\frame.py", line 1993, in to_numpy
    result = self._mgr.as_array(dtype=dtype, copy=copy, na_value=na_value)
             ^^^^^^^^^^^^^^^^^^^^^^^^^^^^^^^^^^^^^^^^^^^^^^^^^^^^^^^^^^^^^
  File "c:\Users\anass\Documents\GitHub\analytics-using-pandas-ai\.venv\Lib\site-packages\pandas\core\internals\managers.py", line 1694, in as_array
    arr = self._interleave(dtype=dtype, na_value=na_value)
          ^^^^^^^^^^^^^^^^^^^^^^^^^^^^^^^^^^^^^^^^^^^^^^^^
  File "c:\Users\anass\Documents\GitHub\analytics-using-pandas-ai\.venv\Lib\site-packages\pandas\core\internals\managers.py", line 1753, in _interleave
    result[rl.indexer] = arr
    ~~~~~~^^^^^^^^^^^^
ValueError: could not convert string to float: 'H2O_low'


Fix the python code above and return the new python code:
2024-10-22 21:47:33 [INFO] Executing Step 1: CodeGenerator
2024-10-22 21:47:34 [INFO] HTTP Request: POST https://api.groq.com/openai/v1/chat/completions "HTTP/1.1 200 OK"
2024-10-22 21:47:34 [ERROR] Pipeline failed on step 1: No code found in the response
2024-10-22 21:47:34 [ERROR] Pipeline failed on step 6: No code found in the response
2024-10-22 21:47:40 [INFO] Question: give a full study to the data
2024-10-22 21:47:40 [INFO] Running PandasAI with langchain_groq-chat LLM...
2024-10-22 21:47:40 [INFO] Prompt ID: bb29f740-8d77-4da2-890d-a185c060200c
2024-10-22 21:47:40 [INFO] Executing Pipeline: GenerateChatPipeline
2024-10-22 21:47:40 [INFO] Executing Step 0: ValidatePipelineInput
2024-10-22 21:47:40 [INFO] Executing Step 1: CacheLookup
2024-10-22 21:47:40 [INFO] Executing Step 2: PromptGeneration
2024-10-22 21:47:40 [INFO] Using prompt: <dataframe>
dfs[0]:699x7
Formula,Compound,A,B,C,Tmin,Tmax
C8H18,m-methylstyrene,7.50288,1471.0,207.14,-37,349.0
C6H5F,"1,2,4-trimethylbenzene",7.0735,1257.6,232.965,153,285.0
C18H38S,"3,5-dimethyloctane",7.00756,1324.049,241.54,13,116.0
</dataframe>




Update this initial code:
```python
# TODO: import the required dependencies
import pandas as pd

# Write code here

# Declare result var: 
type (possible values "string", "number", "dataframe", "plot"). Examples: { "type": "string", "value": f"The highest salary is {highest_salary}." } or { "type": "number", "value": 125 } or { "type": "dataframe", "value": pd.DataFrame({...}) } or { "type": "plot", "value": "temp_chart.png" }

```



### QUERY
 give a full study to the data

Variable `dfs: list[pd.DataFrame]` is already declared.

At the end, declare "result" variable as a dictionary of type and value.

If you are asked to plot a chart, use "matplotlib" for charts, save as png.


Generate python code and return full updated code:
2024-10-22 21:47:40 [INFO] Executing Step 3: CodeGenerator
2024-10-22 21:47:41 [INFO] HTTP Request: POST https://api.groq.com/openai/v1/chat/completions "HTTP/1.1 200 OK"
2024-10-22 21:47:41 [INFO] Prompt used:
            
<dataframe>
dfs[0]:699x7
Formula,Compound,A,B,C,Tmin,Tmax
C8H18,m-methylstyrene,7.50288,1471.0,207.14,-37,349.0
C6H5F,"1,2,4-trimethylbenzene",7.0735,1257.6,232.965,153,285.0
C18H38S,"3,5-dimethyloctane",7.00756,1324.049,241.54,13,116.0
</dataframe>




Update this initial code:
```python
# TODO: import the required dependencies
import pandas as pd

# Write code here

# Declare result var: 
type (possible values "string", "number", "dataframe", "plot"). Examples: { "type": "string", "value": f"The highest salary is {highest_salary}." } or { "type": "number", "value": 125 } or { "type": "dataframe", "value": pd.DataFrame({...}) } or { "type": "plot", "value": "temp_chart.png" }

```



### QUERY
 give a full study to the data

Variable `dfs: list[pd.DataFrame]` is already declared.

At the end, declare "result" variable as a dictionary of type and value.

If you are asked to plot a chart, use "matplotlib" for charts, save as png.


Generate python code and return full updated code:
            
2024-10-22 21:47:41 [INFO] Code generated:
            ```
            # Import the required dependencies
import pandas as pd
import matplotlib.pyplot as plt

# Initialize the dfs list
dfs = [
    pd.DataFrame({
        "Formula", "Compound", "A", "B", "C", "Tmin", "Tmax"
    }, [
        ["C8H18", "m-methylstyrene", 7.50288, 1471.0, 207.14, -37, 349.0],
        ["C6H5F", "1,2,4-trimethylbenzene", 7.0735, 1257.6, 232.965, 153, 285.0],
        ["C18H38S", "3,5-dimethyloctane", 7.00756, 1324.049, 241.54, 13, 116.0]
    ])
]

# Study the data
result = {}

# Unique compounds
compounds = dfs[0]["Compound"].unique()
result["type"] = "string"
result["value"] = f"There are {len(compounds)} unique compounds in the data."

# Average values
average_values = dfs[0][["A", "B", "C"]].mean()
result["type"] = "dataframe"
result["value"] = pd.DataFrame({"Average": average_values}, index=["A", "B", "C"])

# Find the compound with the highest Tmin
min_Tmin = dfs[0]["Tmin"].min()
result["type"] = "string"
result["value"] = f"The compound with the lowest Tmin is {dfs[0].loc[dfs[0]['Tmin'] == min_Tmin, 'Compound'].values[0]} with Tmin = {min_Tmin}."

# Plot a chart
plt.figure(figsize=(8, 6))
plt.scatter(dfs[0]["Tmin"], dfs[0]["Tmax"])
plt.xlabel("Tmin")
plt.ylabel("Tmax")
plt.title("Tmin vs Tmax")
plt.savefig("temp_chart.png")
result["type"] = "plot"
result["value"] = "temp_chart.png"

print(result)
            ```
            
2024-10-22 21:47:41 [INFO] Executing Step 4: CachePopulation
2024-10-22 21:47:41 [INFO] Executing Step 5: CodeCleaning
2024-10-22 21:47:41 [INFO] Saving charts to C:\Users\anass\Documents\GitHub\analytics-using-pandas-ai\exports\charts\temp_chart.png
2024-10-22 21:47:41 [INFO] 
Code running:
```
result = {}
compounds = dfs[0]['Compound'].unique()
result['type'] = 'string'
result['value'] = f'There are {len(compounds)} unique compounds in the data.'
average_values = dfs[0][['A', 'B', 'C']].mean()
result['type'] = 'dataframe'
result['value'] = pd.DataFrame({'Average': average_values}, index=['A', 'B', 'C'])
min_Tmin = dfs[0]['Tmin'].min()
result['type'] = 'string'
result['value'] = f"The compound with the lowest Tmin is {dfs[0].loc[dfs[0]['Tmin'] == min_Tmin, 'Compound'].values[0]} with Tmin = {min_Tmin}."
plt.figure(figsize=(8, 6))
plt.scatter(dfs[0]['Tmin'], dfs[0]['Tmax'])
plt.xlabel('Tmin')
plt.ylabel('Tmax')
plt.title('Tmin vs Tmax')
plt.savefig('C:/Users/anass/Documents/GitHub/analytics-using-pandas-ai/exports/charts/temp_chart.png')
result['type'] = 'plot'
result['value'] = 'C:/Users/anass/Documents/GitHub/analytics-using-pandas-ai/exports/charts/temp_chart.png'
print(result)
        ```
2024-10-22 21:47:41 [INFO] Executing Step 6: CodeExecution
2024-10-22 21:47:41 [INFO] Executing Step 7: ResultValidation
2024-10-22 21:47:41 [INFO] Answer: {'type': 'plot', 'value': 'C:/Users/anass/Documents/GitHub/analytics-using-pandas-ai/exports/charts/temp_chart.png'}
2024-10-22 21:47:41 [INFO] Executing Step 8: ResultParsing
